Using pre-set license
Built from '2020.2/release' branch; Version is '2020.2.4f1 (becced5a802b) revision 12504301'; Using compiler version '192528614'; Build Type 'Release'
OS: 'Windows 10 Pro; OS build 19042.985; Version 2009; 64bit' Language: 'es' Physical Memory: 16218 MB
BatchMode: 1, IsHumanControllingUs: 0, StartBugReporterOnCrash: 0, Is64bit: 1, IsPro: 0

 COMMAND LINE ARGUMENTS:
C:\Program Files\Unity\Hub\Editor\2020.2.4f1\Editor\Unity.exe
-adb2
-batchMode
-noUpm
-name
AssetImportWorker0
-projectPath
C:/Users/oscar/Documents/UPF/3ER CURS/3r TRIM/Sistemes interactius/Practiques/SpoonLight-main/Project Skeleton/Clean-lab-proyect-main
-logFile
Logs/AssetImportWorker0.log
-srvPort
57881
Successfully changed project path to: C:/Users/oscar/Documents/UPF/3ER CURS/3r TRIM/Sistemes interactius/Practiques/SpoonLight-main/Project Skeleton/Clean-lab-proyect-main
C:/Users/oscar/Documents/UPF/3ER CURS/3r TRIM/Sistemes interactius/Practiques/SpoonLight-main/Project Skeleton/Clean-lab-proyect-main
Using Asset Import Pipeline V2.
Refreshing native plugins compatible for Editor in 43.57 ms, found 0 plugins.
Preloading 0 native plugins for Editor in 0.00 ms.
Initialize engine version: 2020.2.4f1 (becced5a802b)
[Subsystems] Discovering subsystems at path C:/Program Files/Unity/Hub/Editor/2020.2.4f1/Editor/Data/Resources/UnitySubsystems
[Subsystems] Discovering subsystems at path C:/Users/oscar/Documents/UPF/3ER CURS/3r TRIM/Sistemes interactius/Practiques/SpoonLight-main/Project Skeleton/Clean-lab-proyect-main/Assets
GfxDevice: creating device client; threaded=0
Direct3D:
    Version:  Direct3D 11.0 [level 11.1]
    Renderer: NVIDIA GeForce GTX 1650 with Max-Q Design (ID=0x1f91)
    Vendor:   
    VRAM:     3964 MB
    Driver:   27.21.14.6627
Initialize mono
Mono path[0] = 'C:/Program Files/Unity/Hub/Editor/2020.2.4f1/Editor/Data/Managed'
Mono path[1] = 'C:/Program Files/Unity/Hub/Editor/2020.2.4f1/Editor/Data/MonoBleedingEdge/lib/mono/unityjit'
Mono config path = 'C:/Program Files/Unity/Hub/Editor/2020.2.4f1/Editor/Data/MonoBleedingEdge/etc'
Using monoOptions --debugger-agent=transport=dt_socket,embedding=1,server=y,suspend=n,address=127.0.0.1:56948
Begin MonoManager ReloadAssembly
Registering precompiled unity dll's ...
Register platform support module: C:/Program Files/Unity/Hub/Editor/2020.2.4f1/Editor/Data/PlaybackEngines/WindowsStandaloneSupport/UnityEditor.WindowsStandalone.Extensions.dll
Registered in 0.004000 seconds.
Native extension for WindowsStandalone target not found
Refreshing native plugins compatible for Editor in 61.97 ms, found 0 plugins.
Preloading 0 native plugins for Editor in 0.00 ms.
Invoked RoslynAnalysisRunner static constructor.
RoslynAnalysisRunner will not be running.
RoslynAnalysisRunner has terminated.
Mono: successfully reloaded assembly
- Completed reload, in  1.451 seconds
Platform modules already initialized, skipping
Registering precompiled user dll's ...
Registered in 0.004627 seconds.
Begin MonoManager ReloadAssembly
Native extension for WindowsStandalone target not found
Refreshing native plugins compatible for Editor in 0.63 ms, found 0 plugins.
Preloading 0 native plugins for Editor in 0.00 ms.
Invoked RoslynAnalysisRunner static constructor.
RoslynAnalysisRunner will not be running.
RoslynAnalysisRunner has terminated.
Mono: successfully reloaded assembly
- Completed reload, in  1.326 seconds
Platform modules already initialized, skipping
========================================================================
Worker process is ready to serve import requests
Launched and connected shader compiler UnityShaderCompiler.exe after 0.07 seconds
Refreshing native plugins compatible for Editor in 0.58 ms, found 0 plugins.
Preloading 0 native plugins for Editor in 0.00 ms.
Unloading 1405 Unused Serialized files (Serialized files now loaded: 0)
System memory in use before: 67.7 MB.
System memory in use after: 67.8 MB.

Unloading 33 unused Assets to reduce memory usage. Loaded Objects now: 1835.
Total: 2.695900 ms (FindLiveObjects: 0.206300 ms CreateObjectMapping: 0.070500 ms MarkObjects: 2.311700 ms  DeleteObjects: 0.106100 ms)

========================================================================
Received Import Request.
  path: Assets/Scenes/Sample Scene.unity
  artifactKey: Guid(28b01497748dc1a4599c1e6bca09c4a1) Importer(815301076,1909f56bfc062723c751e8b465ee728b)
Start importing Assets/Scenes/Sample Scene.unity using Guid(28b01497748dc1a4599c1e6bca09c4a1) Importer(815301076,1909f56bfc062723c751e8b465ee728b)  -> (artifact id: '99a24719fec829990889e68aeb31ae2d') in 0.016883 seconds
  Import took 0.020335 seconds .

========================================================================
Received Import Request.
  Time since last request: 0.000323 seconds.
  path: Assets/Scenes
  artifactKey: Guid(509a1b279f18d0649ba039c3502b57c3) Importer(815301076,1909f56bfc062723c751e8b465ee728b)
Start importing Assets/Scenes using Guid(509a1b279f18d0649ba039c3502b57c3) Importer(815301076,1909f56bfc062723c751e8b465ee728b)  -> (artifact id: 'bcfaf06c9ee099c50864d515eda7a8bc') in 0.003329 seconds
  Import took 0.006276 seconds .

========================================================================
Received Import Request.
  Time since last request: 69.814858 seconds.
  path: Assets/Scripts/utilities
  artifactKey: Guid(565b52da2be88db40937d8ebe945e291) Importer(815301076,1909f56bfc062723c751e8b465ee728b)
Start importing Assets/Scripts/utilities using Guid(565b52da2be88db40937d8ebe945e291) Importer(815301076,1909f56bfc062723c751e8b465ee728b)  -> (artifact id: 'db4deef24c67f94f1a3f096b89d89277') in 0.003518 seconds
  Import took 0.006676 seconds .

========================================================================
Received Import Request.
  Time since last request: 1.159164 seconds.
  path: Assets/Scripts/utilities/utility tracking for unity
  artifactKey: Guid(57f6db259ae3f0e4fa2c657d368a70a0) Importer(815301076,1909f56bfc062723c751e8b465ee728b)
Start importing Assets/Scripts/utilities/utility tracking for unity using Guid(57f6db259ae3f0e4fa2c657d368a70a0) Importer(815301076,1909f56bfc062723c751e8b465ee728b)  -> (artifact id: 'ca1a8949c90c8fab7cb9d03a24158f4a') in 0.003814 seconds
  Import took 0.006815 seconds .

========================================================================
Received Import Request.
  Time since last request: 0.712790 seconds.
  path: Assets/Scripts/utilities/utility tracking for unity/Uniducial
  artifactKey: Guid(a615d1691600b474599a8b1934c5b2d0) Importer(815301076,1909f56bfc062723c751e8b465ee728b)
Start importing Assets/Scripts/utilities/utility tracking for unity/Uniducial using Guid(a615d1691600b474599a8b1934c5b2d0) Importer(815301076,1909f56bfc062723c751e8b465ee728b)  -> (artifact id: '2458c6561e01bcf34f05b1a80d7fd21e') in 0.003666 seconds
  Import took 0.006389 seconds .

========================================================================
Received Import Request.
  Time since last request: 1.240133 seconds.
  path: Assets/Scripts/utilities/utility tracking for unity/Uniducial/FiducialController.cs
  artifactKey: Guid(c42e5a96893570f4da7273114a9380f7) Importer(815301076,1909f56bfc062723c751e8b465ee728b)
Start importing Assets/Scripts/utilities/utility tracking for unity/Uniducial/FiducialController.cs using Guid(c42e5a96893570f4da7273114a9380f7) Importer(815301076,1909f56bfc062723c751e8b465ee728b)  -> (artifact id: '8fd5d967c0746bc829b0199283ff08d9') in 0.025907 seconds
  Import took 0.028455 seconds .

========================================================================
Received Import Request.
  Time since last request: 0.008741 seconds.
  path: Assets/Scripts/utilities/utility tracking for unity/Uniducial/FiducialController.cs
  artifactKey: Guid(c42e5a96893570f4da7273114a9380f7) Importer(815301076,1909f56bfc062723c751e8b465ee728b)
Start importing Assets/Scripts/utilities/utility tracking for unity/Uniducial/FiducialController.cs using Guid(c42e5a96893570f4da7273114a9380f7) Importer(815301076,1909f56bfc062723c751e8b465ee728b)  -> (artifact id: '8fd5d967c0746bc829b0199283ff08d9') in 0.002957 seconds
  Import took 0.005653 seconds .

========================================================================
Received Prepare
Registering precompiled user dll's ...
Registered in 0.002784 seconds.
Begin MonoManager ReloadAssembly
Native extension for WindowsStandalone target not found
Refreshing native plugins compatible for Editor in 0.60 ms, found 0 plugins.
Preloading 0 native plugins for Editor in 0.00 ms.
Invoked RoslynAnalysisRunner static constructor.
RoslynAnalysisRunner will not be running.
RoslynAnalysisRunner has terminated.
Mono: successfully reloaded assembly
- Completed reload, in  0.930 seconds
Platform modules already initialized, skipping
Refreshing native plugins compatible for Editor in 0.55 ms, found 0 plugins.
Preloading 0 native plugins for Editor in 0.00 ms.
Unloading 1396 Unused Serialized files (Serialized files now loaded: 0)
System memory in use before: 67.4 MB.
System memory in use after: 67.5 MB.

Unloading 25 unused Assets to reduce memory usage. Loaded Objects now: 1836.
Total: 1.625700 ms (FindLiveObjects: 0.208600 ms CreateObjectMapping: 0.087800 ms MarkObjects: 1.313200 ms  DeleteObjects: 0.015100 ms)

========================================================================
Received Prepare
Registering precompiled user dll's ...
Registered in 0.002152 seconds.
Begin MonoManager ReloadAssembly
Native extension for WindowsStandalone target not found
Refreshing native plugins compatible for Editor in 0.43 ms, found 0 plugins.
Preloading 0 native plugins for Editor in 0.00 ms.
Invoked RoslynAnalysisRunner static constructor.
RoslynAnalysisRunner will not be running.
RoslynAnalysisRunner has terminated.
Mono: successfully reloaded assembly
- Completed reload, in  0.803 seconds
Platform modules already initialized, skipping
Refreshing native plugins compatible for Editor in 0.55 ms, found 0 plugins.
Preloading 0 native plugins for Editor in 0.00 ms.
Unloading 1397 Unused Serialized files (Serialized files now loaded: 0)
System memory in use before: 67.5 MB.
System memory in use after: 67.6 MB.

Unloading 24 unused Assets to reduce memory usage. Loaded Objects now: 1839.
Total: 2.259000 ms (FindLiveObjects: 0.277300 ms CreateObjectMapping: 0.087000 ms MarkObjects: 1.879500 ms  DeleteObjects: 0.014300 ms)

========================================================================
Received Import Request.
  Time since last request: 35.289811 seconds.
  path: Assets/Scripts/utilities/utility tracking for unity/Uniducial/FiducialController.cs
  artifactKey: Guid(c42e5a96893570f4da7273114a9380f7) Importer(815301076,1909f56bfc062723c751e8b465ee728b)
Start importing Assets/Scripts/utilities/utility tracking for unity/Uniducial/FiducialController.cs using Guid(c42e5a96893570f4da7273114a9380f7) Importer(815301076,1909f56bfc062723c751e8b465ee728b)  -> (artifact id: 'e58bda16c5da799444bb3109bb317439') in 0.005391 seconds
  Import took 0.008124 seconds .

========================================================================
Received Import Request.
  Time since last request: 0.003052 seconds.
  path: Assets/Scripts/utilities/utility tracking for unity/Uniducial/FiducialController.cs
  artifactKey: Guid(c42e5a96893570f4da7273114a9380f7) Importer(815301076,1909f56bfc062723c751e8b465ee728b)
Start importing Assets/Scripts/utilities/utility tracking for unity/Uniducial/FiducialController.cs using Guid(c42e5a96893570f4da7273114a9380f7) Importer(815301076,1909f56bfc062723c751e8b465ee728b)  -> (artifact id: 'e58bda16c5da799444bb3109bb317439') in 0.002969 seconds
  Import took 0.005232 seconds .

========================================================================
Received Prepare
Registering precompiled user dll's ...
Registered in 0.006095 seconds.
Begin MonoManager ReloadAssembly
Native extension for WindowsStandalone target not found
Refreshing native plugins compatible for Editor in 1.46 ms, found 0 plugins.
Preloading 0 native plugins for Editor in 0.00 ms.
Invoked RoslynAnalysisRunner static constructor.
RoslynAnalysisRunner will not be running.
RoslynAnalysisRunner has terminated.
Mono: successfully reloaded assembly
- Completed reload, in  2.508 seconds
Platform modules already initialized, skipping
Refreshing native plugins compatible for Editor in 0.60 ms, found 0 plugins.
Preloading 0 native plugins for Editor in 0.00 ms.
Unloading 1397 Unused Serialized files (Serialized files now loaded: 0)
System memory in use before: 67.5 MB.
System memory in use after: 67.6 MB.

Unloading 24 unused Assets to reduce memory usage. Loaded Objects now: 1841.
Total: 2.172000 ms (FindLiveObjects: 0.219300 ms CreateObjectMapping: 0.063800 ms MarkObjects: 1.867200 ms  DeleteObjects: 0.020400 ms)

========================================================================
Received Import Request.
  Time since last request: 338.021679 seconds.
  path: Assets
  artifactKey: Guid(00000000000000001000000000000000) Importer(815301076,1909f56bfc062723c751e8b465ee728b)
Start importing Assets using Guid(00000000000000001000000000000000) Importer(815301076,1909f56bfc062723c751e8b465ee728b)  -> (artifact id: 'edc3feb264a98656617d3c2cb59c8f16') in 0.008063 seconds
  Import took 0.011318 seconds .

========================================================================
Received Import Request.
  Time since last request: 6.557756 seconds.
  path: Assets/Models
  artifactKey: Guid(b30c09ab6f1d39e40a79952d0ee67e30) Importer(815301076,1909f56bfc062723c751e8b465ee728b)
Start importing Assets/Models using Guid(b30c09ab6f1d39e40a79952d0ee67e30) Importer(815301076,1909f56bfc062723c751e8b465ee728b)  -> (artifact id: '628f4d7e666c81c3f06c98d74eba8985') in 0.003379 seconds
  Import took 0.006693 seconds .

========================================================================
Received Import Request.
  Time since last request: 6.987308 seconds.
  path: Assets/Models/Chief.fbx
  artifactKey: Guid(4b8f565c568ba9f429c986da959bb6e0) Importer(815301076,1909f56bfc062723c751e8b465ee728b)
Start importing Assets/Models/Chief.fbx using Guid(4b8f565c568ba9f429c986da959bb6e0) Importer(815301076,1909f56bfc062723c751e8b465ee728b)  -> (artifact id: '49ff78096a3e41713f6a125449c4e9e7') in 0.191880 seconds
  Import took 0.195014 seconds .

========================================================================
Received Prepare
Registering precompiled user dll's ...
Registered in 0.002181 seconds.
Begin MonoManager ReloadAssembly
Native extension for WindowsStandalone target not found
Refreshing native plugins compatible for Editor in 0.48 ms, found 0 plugins.
Preloading 0 native plugins for Editor in 0.00 ms.
Invoked RoslynAnalysisRunner static constructor.
RoslynAnalysisRunner will not be running.
RoslynAnalysisRunner has terminated.
Mono: successfully reloaded assembly
- Completed reload, in  0.820 seconds
Platform modules already initialized, skipping
Refreshing native plugins compatible for Editor in 0.55 ms, found 0 plugins.
Preloading 0 native plugins for Editor in 0.00 ms.
Unloading 1397 Unused Serialized files (Serialized files now loaded: 0)
System memory in use before: 71.1 MB.
System memory in use after: 71.2 MB.

Unloading 24 unused Assets to reduce memory usage. Loaded Objects now: 1886.
Total: 1.934700 ms (FindLiveObjects: 0.191600 ms CreateObjectMapping: 0.042500 ms MarkObjects: 1.647400 ms  DeleteObjects: 0.052200 ms)

========================================================================
Received Import Request.
  Time since last request: 207.234629 seconds.
  path: Assets/Scripts/utilities/utility tracking for unity/Uniducial/FiducialController.cs
  artifactKey: Guid(c42e5a96893570f4da7273114a9380f7) Importer(815301076,1909f56bfc062723c751e8b465ee728b)
Start importing Assets/Scripts/utilities/utility tracking for unity/Uniducial/FiducialController.cs using Guid(c42e5a96893570f4da7273114a9380f7) Importer(815301076,1909f56bfc062723c751e8b465ee728b)  -> (artifact id: '715c6d11b147be739e1d4c63c8882261') in 0.005282 seconds
  Import took 0.008063 seconds .

========================================================================
Received Prepare
Registering precompiled user dll's ...
Registered in 0.003903 seconds.
Begin MonoManager ReloadAssembly
Native extension for WindowsStandalone target not found
Refreshing native plugins compatible for Editor in 1.04 ms, found 0 plugins.
Preloading 0 native plugins for Editor in 0.00 ms.
Invoked RoslynAnalysisRunner static constructor.
RoslynAnalysisRunner will not be running.
RoslynAnalysisRunner has terminated.
Mono: successfully reloaded assembly
- Completed reload, in  1.175 seconds
Platform modules already initialized, skipping
Refreshing native plugins compatible for Editor in 0.58 ms, found 0 plugins.
Preloading 0 native plugins for Editor in 0.00 ms.
Unloading 1397 Unused Serialized files (Serialized files now loaded: 0)
System memory in use before: 71.1 MB.
System memory in use after: 71.2 MB.

Unloading 24 unused Assets to reduce memory usage. Loaded Objects now: 1888.
Total: 3.022900 ms (FindLiveObjects: 0.383200 ms CreateObjectMapping: 0.098500 ms MarkObjects: 2.516200 ms  DeleteObjects: 0.023000 ms)

========================================================================
Received Import Request.
  Time since last request: 444.392392 seconds.
  path: Assets/Prefabs/AppleHalf.prefab
  artifactKey: Guid(d3c3e6c8e08dfc94aa7f6d65820967e4) Importer(815301076,1909f56bfc062723c751e8b465ee728b)
Start importing Assets/Prefabs/AppleHalf.prefab using Guid(d3c3e6c8e08dfc94aa7f6d65820967e4) Importer(815301076,1909f56bfc062723c751e8b465ee728b)  -> (artifact id: '1c482cd1f21eb119e6ebd424b54087a6') in 0.160822 seconds
  Import took 0.164173 seconds .

========================================================================
Received Import Request.
  Time since last request: 0.000279 seconds.
  path: Assets/Prefabs/Sink.prefab
  artifactKey: Guid(9820e813568b4614caa75a72fad11dcf) Importer(815301076,1909f56bfc062723c751e8b465ee728b)
Start importing Assets/Prefabs/Sink.prefab using Guid(9820e813568b4614caa75a72fad11dcf) Importer(815301076,1909f56bfc062723c751e8b465ee728b)  -> (artifact id: '6e92e1ad1271d89cda736d1fa612d6bb') in 0.045291 seconds
  Import took 0.047944 seconds .

========================================================================
Received Import Request.
  Time since last request: 0.000472 seconds.
  path: Assets/Prefabs/EmptyTable.prefab
  artifactKey: Guid(7039cf69cb870cc41bbac4df87a73ab8) Importer(815301076,1909f56bfc062723c751e8b465ee728b)
Start importing Assets/Prefabs/EmptyTable.prefab using Guid(7039cf69cb870cc41bbac4df87a73ab8) Importer(815301076,1909f56bfc062723c751e8b465ee728b)  -> (artifact id: 'c690d68e063af716e1eb7824dd35a3a1') in 0.008630 seconds
  Import took 0.011853 seconds .

========================================================================
Received Import Request.
  Time since last request: 0.000305 seconds.
  path: Assets/Prefabs/cookingPan.prefab
  artifactKey: Guid(2d8fda387b171d1409bb094d90ad5319) Importer(815301076,1909f56bfc062723c751e8b465ee728b)
Start importing Assets/Prefabs/cookingPan.prefab using Guid(2d8fda387b171d1409bb094d90ad5319) Importer(815301076,1909f56bfc062723c751e8b465ee728b)  -> (artifact id: 'c290e0ec155a14e8c297018b9b3aea56') in 0.178091 seconds
  Import took 0.181071 seconds .

========================================================================
Received Import Request.
  Time since last request: 0.000270 seconds.
  path: Assets/Prefabs/PlateTable.prefab
  artifactKey: Guid(cdd1ab88eeeab704e8906747e9531f27) Importer(815301076,1909f56bfc062723c751e8b465ee728b)
Start importing Assets/Prefabs/PlateTable.prefab using Guid(cdd1ab88eeeab704e8906747e9531f27) Importer(815301076,1909f56bfc062723c751e8b465ee728b)  -> (artifact id: '26d94a1e286b7373a504c46fe8a39962') in 0.010588 seconds
  Import took 0.013353 seconds .

========================================================================
Received Import Request.
  Time since last request: 0.000204 seconds.
  path: Assets/Prefabs/DirtyPlate.prefab
  artifactKey: Guid(3a8afde62b74b2a44ba6ec82c0440004) Importer(815301076,1909f56bfc062723c751e8b465ee728b)
Start importing Assets/Prefabs/DirtyPlate.prefab using Guid(3a8afde62b74b2a44ba6ec82c0440004) Importer(815301076,1909f56bfc062723c751e8b465ee728b)  -> (artifact id: '2fc412eaac5c5e5b83b0a4bf89ee4845') in 0.032032 seconds
  Import took 0.035944 seconds .

========================================================================
Received Import Request.
  Time since last request: 0.000291 seconds.
  path: Assets/Prefabs/Blue Player Variant.prefab
  artifactKey: Guid(a2aaaa094093a294aade9f5a5ce62bbb) Importer(815301076,1909f56bfc062723c751e8b465ee728b)
Start importing Assets/Prefabs/Blue Player Variant.prefab using Guid(a2aaaa094093a294aade9f5a5ce62bbb) Importer(815301076,1909f56bfc062723c751e8b465ee728b)  -> (artifact id: '9741fcba14f2a01afd36cd102dcda2b3') in 0.018753 seconds
  Import took 0.021879 seconds .

========================================================================
Received Import Request.
  Time since last request: 0.000274 seconds.
  path: Assets/Prefabs/plate.prefab
  artifactKey: Guid(92a91ec826d28d3418863075e7bdcc68) Importer(815301076,1909f56bfc062723c751e8b465ee728b)
Start importing Assets/Prefabs/plate.prefab using Guid(92a91ec826d28d3418863075e7bdcc68) Importer(815301076,1909f56bfc062723c751e8b465ee728b)  -> (artifact id: '414f535ea6bcfcf63de1520a257dd2b1') in 0.267820 seconds
  Import took 0.272487 seconds .

========================================================================
Received Import Request.
  Time since last request: 0.000247 seconds.
  path: Assets/Prefabs/DirtyPlates.prefab
  artifactKey: Guid(41a3bcc307632334a8d03d4bcf162180) Importer(815301076,1909f56bfc062723c751e8b465ee728b)
Start importing Assets/Prefabs/DirtyPlates.prefab using Guid(41a3bcc307632334a8d03d4bcf162180) Importer(815301076,1909f56bfc062723c751e8b465ee728b)  -> (artifact id: '7ab3d7a39b324e506ee66b06b63b05d6') in 0.026606 seconds
  Import took 0.030819 seconds .

========================================================================
Received Import Request.
  Time since last request: 0.000312 seconds.
  path: Assets/Prefabs/Exit.prefab
  artifactKey: Guid(4de20f905440b3d42b68cabc1c610638) Importer(815301076,1909f56bfc062723c751e8b465ee728b)
Start importing Assets/Prefabs/Exit.prefab using Guid(4de20f905440b3d42b68cabc1c610638) Importer(815301076,1909f56bfc062723c751e8b465ee728b)  -> (artifact id: '6d56380a6184d99fcd5d5f8913e397dd') in 0.011689 seconds
  Import took 0.016591 seconds .

========================================================================
Received Import Request.
  Time since last request: 0.000275 seconds.
  path: Assets/Prefabs/Task_1.prefab
  artifactKey: Guid(fc6b72d926578f24ab9ccc3fc2bbacb3) Importer(815301076,1909f56bfc062723c751e8b465ee728b)
Start importing Assets/Prefabs/Task_1.prefab using Guid(fc6b72d926578f24ab9ccc3fc2bbacb3) Importer(815301076,1909f56bfc062723c751e8b465ee728b)  -> (artifact id: '6ada31af3252c4389f54b3c665abfa9d') in 0.022238 seconds
  Import took 0.025572 seconds .

========================================================================
Received Import Request.
  Time since last request: 0.000332 seconds.
  path: Assets/Prefabs/FinishedApple.prefab
  artifactKey: Guid(2822baf52b274144091e746e055634ad) Importer(815301076,1909f56bfc062723c751e8b465ee728b)
Start importing Assets/Prefabs/FinishedApple.prefab using Guid(2822baf52b274144091e746e055634ad) Importer(815301076,1909f56bfc062723c751e8b465ee728b)  -> (artifact id: '52d687d9d876310e806a353e1bc711d4') in 0.013513 seconds
  Import took 0.016756 seconds .

========================================================================
Received Import Request.
  Time since last request: 0.000342 seconds.
  path: Assets/Prefabs/CutTable.prefab
  artifactKey: Guid(8f6339fc18a7ebd468bf1828ac1a46d2) Importer(815301076,1909f56bfc062723c751e8b465ee728b)
Start importing Assets/Prefabs/CutTable.prefab using Guid(8f6339fc18a7ebd468bf1828ac1a46d2) Importer(815301076,1909f56bfc062723c751e8b465ee728b)  -> (artifact id: '0810c1afcc995a129e3cd615247a22c6') in 0.017353 seconds
  Import took 0.022789 seconds .

========================================================================
Received Import Request.
  Time since last request: 0.000293 seconds.
  path: Assets/Prefabs/Garbage.prefab
  artifactKey: Guid(494e6e748c0624c46878e72450303bf7) Importer(815301076,1909f56bfc062723c751e8b465ee728b)
Start importing Assets/Prefabs/Garbage.prefab using Guid(494e6e748c0624c46878e72450303bf7) Importer(815301076,1909f56bfc062723c751e8b465ee728b)  -> (artifact id: '45346cc3143d4001a782a99a6126da3d') in 0.013024 seconds
  Import took 0.016273 seconds .

========================================================================
Received Import Request.
  Time since last request: 0.000323 seconds.
  path: Assets/Prefabs/Task_3.prefab
  artifactKey: Guid(192fe95c9b5774147be79ec4e0b52b9b) Importer(815301076,1909f56bfc062723c751e8b465ee728b)
Start importing Assets/Prefabs/Task_3.prefab using Guid(192fe95c9b5774147be79ec4e0b52b9b) Importer(815301076,1909f56bfc062723c751e8b465ee728b)  -> (artifact id: '668d9e4a2bf7b4e600eafdad8ec94695') in 0.006461 seconds
  Import took 0.010299 seconds .

========================================================================
Received Import Request.
  Time since last request: 0.000292 seconds.
  path: Assets/Prefabs/Player.prefab
  artifactKey: Guid(cd1cb5635f8dbe649adff6525a31cfd3) Importer(815301076,1909f56bfc062723c751e8b465ee728b)
Start importing Assets/Prefabs/Player.prefab using Guid(cd1cb5635f8dbe649adff6525a31cfd3) Importer(815301076,1909f56bfc062723c751e8b465ee728b)  -> (artifact id: 'a85ce72a60f693abf5546896a0595d65') in 0.014813 seconds
  Import took 0.019087 seconds .

========================================================================
Received Import Request.
  Time since last request: 0.000314 seconds.
  path: Assets/Prefabs/OvenTable.prefab
  artifactKey: Guid(1febbfc62a111f54a88c23a579e476ff) Importer(815301076,1909f56bfc062723c751e8b465ee728b)
Start importing Assets/Prefabs/OvenTable.prefab using Guid(1febbfc62a111f54a88c23a579e476ff) Importer(815301076,1909f56bfc062723c751e8b465ee728b)  -> (artifact id: 'bb503af4a165265c49ab2e272c1dd335') in 0.011043 seconds
  Import took 0.014663 seconds .

========================================================================
Received Import Request.
  Time since last request: 0.000451 seconds.
  path: Assets/Prefabs/BoxTable.prefab
  artifactKey: Guid(fc21fc1d22442824989338bfc400741e) Importer(815301076,1909f56bfc062723c751e8b465ee728b)
Start importing Assets/Prefabs/BoxTable.prefab using Guid(fc21fc1d22442824989338bfc400741e) Importer(815301076,1909f56bfc062723c751e8b465ee728b)  -> (artifact id: '42c432f2f8a081d36d86b6ed9f16605d') in 0.020980 seconds
  Import took 0.026267 seconds .

========================================================================
Received Import Request.
  Time since last request: 0.000393 seconds.
  path: Assets/Prefabs/CookingPot.prefab
  artifactKey: Guid(99c750bee33bae045b09796b9b95f377) Importer(815301076,1909f56bfc062723c751e8b465ee728b)
Start importing Assets/Prefabs/CookingPot.prefab using Guid(99c750bee33bae045b09796b9b95f377) Importer(815301076,1909f56bfc062723c751e8b465ee728b)  -> (artifact id: '293fbdb66ecf950c0b914bdeecc336cf') in 0.028894 seconds
  Import took 0.032654 seconds .

========================================================================
Received Import Request.
  Time since last request: 0.000325 seconds.
  path: Assets/Prefabs/Ingredients Box.prefab
  artifactKey: Guid(dea5b56a4f24b0643914f3fb5606199c) Importer(815301076,1909f56bfc062723c751e8b465ee728b)
Start importing Assets/Prefabs/Ingredients Box.prefab using Guid(dea5b56a4f24b0643914f3fb5606199c) Importer(815301076,1909f56bfc062723c751e8b465ee728b)  -> (artifact id: '53aa44dbb1698f89e5f02543a93386b6') in 0.015710 seconds
  Import took 0.019479 seconds .

========================================================================
Received Import Request.
  Time since last request: 255.949669 seconds.
  path: Assets/Models/New Animator Controller.controller
  artifactKey: Guid(04d4cada1508d8940b736cc8c32bf637) Importer(815301076,1909f56bfc062723c751e8b465ee728b)
Start importing Assets/Models/New Animator Controller.controller using Guid(04d4cada1508d8940b736cc8c32bf637) Importer(815301076,1909f56bfc062723c751e8b465ee728b)  -> (artifact id: 'bd69292f4539b0df4fe191f4253b0319') in 0.013357 seconds
  Import took 0.017184 seconds .

========================================================================
Received Import Request.
  Time since last request: 13.794101 seconds.
  path: Assets/Models/PlayerAnimator.controller
  artifactKey: Guid(04d4cada1508d8940b736cc8c32bf637) Importer(815301076,1909f56bfc062723c751e8b465ee728b)
Start importing Assets/Models/PlayerAnimator.controller using Guid(04d4cada1508d8940b736cc8c32bf637) Importer(815301076,1909f56bfc062723c751e8b465ee728b)  -> (artifact id: '0b6cf5da4db2a77859381c0ff44980a1') in 0.003786 seconds
  Import took 0.007816 seconds .

========================================================================
Received Import Request.
  Time since last request: 15.337488 seconds.
  path: Assets/Models/ChiefAnimatorController.controller
  artifactKey: Guid(17941afd2df2a564a9ee73984855797b) Importer(815301076,1909f56bfc062723c751e8b465ee728b)
Start importing Assets/Models/ChiefAnimatorController.controller using Guid(17941afd2df2a564a9ee73984855797b) Importer(815301076,1909f56bfc062723c751e8b465ee728b)  -> (artifact id: '609f3ef4a8d79ab70ddb2224fcb727b0') in 0.004964 seconds
  Import took 0.007949 seconds .

========================================================================
Received Prepare
Registering precompiled user dll's ...
Registered in 0.003837 seconds.
Begin MonoManager ReloadAssembly
Native extension for WindowsStandalone target not found
Refreshing native plugins compatible for Editor in 1.14 ms, found 0 plugins.
Preloading 0 native plugins for Editor in 0.00 ms.
Invoked RoslynAnalysisRunner static constructor.
RoslynAnalysisRunner will not be running.
RoslynAnalysisRunner has terminated.
Mono: successfully reloaded assembly
- Completed reload, in  0.921 seconds
Platform modules already initialized, skipping
Refreshing native plugins compatible for Editor in 0.52 ms, found 0 plugins.
Preloading 0 native plugins for Editor in 0.00 ms.
Unloading 1397 Unused Serialized files (Serialized files now loaded: 0)
System memory in use before: 72.1 MB.
System memory in use after: 72.2 MB.

Unloading 27 unused Assets to reduce memory usage. Loaded Objects now: 1895.
Total: 1.861600 ms (FindLiveObjects: 0.202800 ms CreateObjectMapping: 0.039300 ms MarkObjects: 1.530200 ms  DeleteObjects: 0.088100 ms)

========================================================================
Received Prepare
Registering precompiled user dll's ...
Registered in 0.002451 seconds.
Begin MonoManager ReloadAssembly
Native extension for WindowsStandalone target not found
Refreshing native plugins compatible for Editor in 0.44 ms, found 0 plugins.
Preloading 0 native plugins for Editor in 0.00 ms.
Invoked RoslynAnalysisRunner static constructor.
RoslynAnalysisRunner will not be running.
RoslynAnalysisRunner has terminated.
Mono: successfully reloaded assembly
- Completed reload, in  0.893 seconds
Platform modules already initialized, skipping
Refreshing native plugins compatible for Editor in 1.13 ms, found 0 plugins.
Preloading 0 native plugins for Editor in 0.00 ms.
Unloading 1397 Unused Serialized files (Serialized files now loaded: 0)
System memory in use before: 72.1 MB.
System memory in use after: 72.2 MB.

Unloading 24 unused Assets to reduce memory usage. Loaded Objects now: 1897.
Total: 2.091500 ms (FindLiveObjects: 0.245800 ms CreateObjectMapping: 0.052800 ms MarkObjects: 1.776200 ms  DeleteObjects: 0.015500 ms)

========================================================================
Received Import Request.
  Time since last request: 278.140379 seconds.
  path: Assets/Models/ChiefAnimatorController.controller
  artifactKey: Guid(17941afd2df2a564a9ee73984855797b) Importer(815301076,1909f56bfc062723c751e8b465ee728b)
Start importing Assets/Models/ChiefAnimatorController.controller using Guid(17941afd2df2a564a9ee73984855797b) Importer(815301076,1909f56bfc062723c751e8b465ee728b)  -> (artifact id: 'b6f225a529427a2dcaf846d74a98fc79') in 0.020131 seconds
  Import took 0.023410 seconds .

========================================================================
Received Prepare
Registering precompiled user dll's ...
Registered in 0.003151 seconds.
Begin MonoManager ReloadAssembly
Native extension for WindowsStandalone target not found
Refreshing native plugins compatible for Editor in 0.71 ms, found 0 plugins.
Preloading 0 native plugins for Editor in 0.00 ms.
Invoked RoslynAnalysisRunner static constructor.
RoslynAnalysisRunner will not be running.
RoslynAnalysisRunner has terminated.
Mono: successfully reloaded assembly
- Completed reload, in  0.837 seconds
Platform modules already initialized, skipping
Refreshing native plugins compatible for Editor in 0.54 ms, found 0 plugins.
Preloading 0 native plugins for Editor in 0.00 ms.
Unloading 1397 Unused Serialized files (Serialized files now loaded: 0)
System memory in use before: 72.1 MB.
System memory in use after: 72.2 MB.

Unloading 24 unused Assets to reduce memory usage. Loaded Objects now: 1899.
Total: 1.817300 ms (FindLiveObjects: 0.184600 ms CreateObjectMapping: 0.045500 ms MarkObjects: 1.527100 ms  DeleteObjects: 0.059100 ms)

========================================================================
Received Import Request.
  Time since last request: 281.345806 seconds.
  path: Assets/Models/PlayerAnimator.controller
  artifactKey: Guid(04d4cada1508d8940b736cc8c32bf637) Importer(815301076,1909f56bfc062723c751e8b465ee728b)
Start importing Assets/Models/PlayerAnimator.controller using Guid(04d4cada1508d8940b736cc8c32bf637) Importer(815301076,1909f56bfc062723c751e8b465ee728b)  -> (artifact id: 'ca823cc0217db48809aa8389520405bb') in 0.020183 seconds
  Import took 0.025213 seconds .

========================================================================
Received Import Request.
  Time since last request: 0.000673 seconds.
  path: Assets/Models/PlayerAnimator.controller
  artifactKey: Guid(04d4cada1508d8940b736cc8c32bf637) Importer(815301076,1909f56bfc062723c751e8b465ee728b)
Start importing Assets/Models/PlayerAnimator.controller using Guid(04d4cada1508d8940b736cc8c32bf637) Importer(815301076,1909f56bfc062723c751e8b465ee728b)  -> (artifact id: 'ca823cc0217db48809aa8389520405bb') in 0.003683 seconds
  Import took 0.006518 seconds .

========================================================================
Received Prepare
Registering precompiled user dll's ...
Registered in 0.002362 seconds.
Begin MonoManager ReloadAssembly
Native extension for WindowsStandalone target not found
Refreshing native plugins compatible for Editor in 0.53 ms, found 0 plugins.
Preloading 0 native plugins for Editor in 0.00 ms.
Invoked RoslynAnalysisRunner static constructor.
RoslynAnalysisRunner will not be running.
RoslynAnalysisRunner has terminated.
Mono: successfully reloaded assembly
- Completed reload, in  0.776 seconds
Platform modules already initialized, skipping
Refreshing native plugins compatible for Editor in 0.58 ms, found 0 plugins.
Preloading 0 native plugins for Editor in 0.00 ms.
Unloading 1397 Unused Serialized files (Serialized files now loaded: 0)
System memory in use before: 72.1 MB.
System memory in use after: 72.2 MB.

Unloading 24 unused Assets to reduce memory usage. Loaded Objects now: 1901.
Total: 1.733300 ms (FindLiveObjects: 0.153500 ms CreateObjectMapping: 0.044200 ms MarkObjects: 1.518900 ms  DeleteObjects: 0.015600 ms)

========================================================================
Received Prepare
Registering precompiled user dll's ...
Registered in 0.004454 seconds.
Begin MonoManager ReloadAssembly
Native extension for WindowsStandalone target not found
Refreshing native plugins compatible for Editor in 0.69 ms, found 0 plugins.
Preloading 0 native plugins for Editor in 0.00 ms.
Invoked RoslynAnalysisRunner static constructor.
RoslynAnalysisRunner will not be running.
RoslynAnalysisRunner has terminated.
Mono: successfully reloaded assembly
- Completed reload, in  1.069 seconds
Platform modules already initialized, skipping
Refreshing native plugins compatible for Editor in 0.57 ms, found 0 plugins.
Preloading 0 native plugins for Editor in 0.00 ms.
Unloading 1397 Unused Serialized files (Serialized files now loaded: 0)
System memory in use before: 72.1 MB.
System memory in use after: 72.2 MB.

Unloading 24 unused Assets to reduce memory usage. Loaded Objects now: 1903.
Total: 2.344400 ms (FindLiveObjects: 0.222300 ms CreateObjectMapping: 0.114600 ms MarkObjects: 1.984200 ms  DeleteObjects: 0.021700 ms)

========================================================================
Received Prepare
Registering precompiled user dll's ...
Registered in 0.002824 seconds.
Begin MonoManager ReloadAssembly
Native extension for WindowsStandalone target not found
Refreshing native plugins compatible for Editor in 0.45 ms, found 0 plugins.
Preloading 0 native plugins for Editor in 0.00 ms.
Invoked RoslynAnalysisRunner static constructor.
RoslynAnalysisRunner will not be running.
RoslynAnalysisRunner has terminated.
Mono: successfully reloaded assembly
- Completed reload, in  0.842 seconds
Platform modules already initialized, skipping
Refreshing native plugins compatible for Editor in 0.56 ms, found 0 plugins.
Preloading 0 native plugins for Editor in 0.00 ms.
Unloading 1397 Unused Serialized files (Serialized files now loaded: 0)
System memory in use before: 72.1 MB.
System memory in use after: 72.2 MB.

Unloading 24 unused Assets to reduce memory usage. Loaded Objects now: 1905.
Total: 2.239700 ms (FindLiveObjects: 0.460400 ms CreateObjectMapping: 0.069100 ms MarkObjects: 1.694500 ms  DeleteObjects: 0.014400 ms)

========================================================================
Received Prepare
Registering precompiled user dll's ...
Registered in 0.002270 seconds.
Begin MonoManager ReloadAssembly
Native extension for WindowsStandalone target not found
Refreshing native plugins compatible for Editor in 0.44 ms, found 0 plugins.
Preloading 0 native plugins for Editor in 0.00 ms.
Invoked RoslynAnalysisRunner static constructor.
RoslynAnalysisRunner will not be running.
RoslynAnalysisRunner has terminated.
Mono: successfully reloaded assembly
- Completed reload, in  0.891 seconds
Platform modules already initialized, skipping
Refreshing native plugins compatible for Editor in 0.60 ms, found 0 plugins.
Preloading 0 native plugins for Editor in 0.00 ms.
Unloading 1397 Unused Serialized files (Serialized files now loaded: 0)
System memory in use before: 72.1 MB.
System memory in use after: 72.2 MB.

Unloading 24 unused Assets to reduce memory usage. Loaded Objects now: 1907.
Total: 2.422100 ms (FindLiveObjects: 0.410600 ms CreateObjectMapping: 0.143700 ms MarkObjects: 1.849300 ms  DeleteObjects: 0.017400 ms)

========================================================================
Received Prepare
Registering precompiled user dll's ...
Registered in 0.002257 seconds.
Begin MonoManager ReloadAssembly
Native extension for WindowsStandalone target not found
Refreshing native plugins compatible for Editor in 0.46 ms, found 0 plugins.
Preloading 0 native plugins for Editor in 0.00 ms.
Invoked RoslynAnalysisRunner static constructor.
RoslynAnalysisRunner will not be running.
RoslynAnalysisRunner has terminated.
Mono: successfully reloaded assembly
- Completed reload, in  0.771 seconds
Platform modules already initialized, skipping
Refreshing native plugins compatible for Editor in 0.54 ms, found 0 plugins.
Preloading 0 native plugins for Editor in 0.00 ms.
Unloading 1397 Unused Serialized files (Serialized files now loaded: 0)
System memory in use before: 72.1 MB.
System memory in use after: 72.2 MB.

Unloading 24 unused Assets to reduce memory usage. Loaded Objects now: 1909.
Total: 2.184500 ms (FindLiveObjects: 0.296400 ms CreateObjectMapping: 0.094300 ms MarkObjects: 1.751000 ms  DeleteObjects: 0.041700 ms)

========================================================================
Received Prepare
Registering precompiled user dll's ...
Registered in 0.002393 seconds.
Begin MonoManager ReloadAssembly
Native extension for WindowsStandalone target not found
Refreshing native plugins compatible for Editor in 0.43 ms, found 0 plugins.
Preloading 0 native plugins for Editor in 0.00 ms.
Invoked RoslynAnalysisRunner static constructor.
RoslynAnalysisRunner will not be running.
RoslynAnalysisRunner has terminated.
Mono: successfully reloaded assembly
- Completed reload, in  0.782 seconds
Platform modules already initialized, skipping
Refreshing native plugins compatible for Editor in 0.53 ms, found 0 plugins.
Preloading 0 native plugins for Editor in 0.00 ms.
Unloading 1397 Unused Serialized files (Serialized files now loaded: 0)
System memory in use before: 72.1 MB.
System memory in use after: 72.3 MB.

Unloading 24 unused Assets to reduce memory usage. Loaded Objects now: 1911.
Total: 2.338700 ms (FindLiveObjects: 0.361900 ms CreateObjectMapping: 0.066000 ms MarkObjects: 1.894800 ms  DeleteObjects: 0.015000 ms)

========================================================================
Received Import Request.
  Time since last request: 1173.121905 seconds.
  path: Assets/Models/ChiefAnimatorController.controller
  artifactKey: Guid(17941afd2df2a564a9ee73984855797b) Importer(815301076,1909f56bfc062723c751e8b465ee728b)
Start importing Assets/Models/ChiefAnimatorController.controller using Guid(17941afd2df2a564a9ee73984855797b) Importer(815301076,1909f56bfc062723c751e8b465ee728b)  -> (artifact id: '01a385be15307ca23d82f763c82e4b77') in 0.013227 seconds
  Import took 0.015877 seconds .

========================================================================
Received Prepare
Registering precompiled user dll's ...
Registered in 0.003194 seconds.
Begin MonoManager ReloadAssembly
Native extension for WindowsStandalone target not found
Refreshing native plugins compatible for Editor in 0.70 ms, found 0 plugins.
Preloading 0 native plugins for Editor in 0.00 ms.
Invoked RoslynAnalysisRunner static constructor.
RoslynAnalysisRunner will not be running.
RoslynAnalysisRunner has terminated.
Mono: successfully reloaded assembly
- Completed reload, in  1.113 seconds
Platform modules already initialized, skipping
Refreshing native plugins compatible for Editor in 0.55 ms, found 0 plugins.
Preloading 0 native plugins for Editor in 0.00 ms.
Unloading 1397 Unused Serialized files (Serialized files now loaded: 0)
System memory in use before: 72.2 MB.
System memory in use after: 72.3 MB.

Unloading 24 unused Assets to reduce memory usage. Loaded Objects now: 1913.
Total: 2.690100 ms (FindLiveObjects: 0.447500 ms CreateObjectMapping: 0.132900 ms MarkObjects: 2.090700 ms  DeleteObjects: 0.017000 ms)

========================================================================
Received Prepare
Registering precompiled user dll's ...
Registered in 0.006328 seconds.
Begin MonoManager ReloadAssembly
Native extension for WindowsStandalone target not found
Refreshing native plugins compatible for Editor in 0.62 ms, found 0 plugins.
Preloading 0 native plugins for Editor in 0.00 ms.
Invoked RoslynAnalysisRunner static constructor.
RoslynAnalysisRunner will not be running.
RoslynAnalysisRunner has terminated.
Mono: successfully reloaded assembly
- Completed reload, in  1.096 seconds
Platform modules already initialized, skipping
Refreshing native plugins compatible for Editor in 0.62 ms, found 0 plugins.
Preloading 0 native plugins for Editor in 0.00 ms.
Unloading 1397 Unused Serialized files (Serialized files now loaded: 0)
System memory in use before: 72.2 MB.
System memory in use after: 72.3 MB.

Unloading 24 unused Assets to reduce memory usage. Loaded Objects now: 1915.
Total: 3.442900 ms (FindLiveObjects: 0.394800 ms CreateObjectMapping: 0.078500 ms MarkObjects: 2.937400 ms  DeleteObjects: 0.030400 ms)

========================================================================
Received Prepare
Registering precompiled user dll's ...
Registered in 0.016567 seconds.
Begin MonoManager ReloadAssembly
Native extension for WindowsStandalone target not found
Refreshing native plugins compatible for Editor in 0.63 ms, found 0 plugins.
Preloading 0 native plugins for Editor in 0.00 ms.
Invoked RoslynAnalysisRunner static constructor.
RoslynAnalysisRunner will not be running.
RoslynAnalysisRunner has terminated.
Mono: successfully reloaded assembly
- Completed reload, in  1.873 seconds
Platform modules already initialized, skipping
Refreshing native plugins compatible for Editor in 0.84 ms, found 0 plugins.
Preloading 0 native plugins for Editor in 0.00 ms.
Unloading 1397 Unused Serialized files (Serialized files now loaded: 0)
System memory in use before: 72.2 MB.
System memory in use after: 72.3 MB.

Unloading 24 unused Assets to reduce memory usage. Loaded Objects now: 1917.
Total: 4.091100 ms (FindLiveObjects: 0.299400 ms CreateObjectMapping: 0.124800 ms MarkObjects: 3.632300 ms  DeleteObjects: 0.032900 ms)

========================================================================
Received Import Request.
  Time since last request: 52401.938093 seconds.
  path: Assets/Scripts/utilities/utility tracking for unity/Uniducial/FiducialController.cs
  artifactKey: Guid(c42e5a96893570f4da7273114a9380f7) Importer(815301076,1909f56bfc062723c751e8b465ee728b)
Start importing Assets/Scripts/utilities/utility tracking for unity/Uniducial/FiducialController.cs using Guid(c42e5a96893570f4da7273114a9380f7) Importer(815301076,1909f56bfc062723c751e8b465ee728b)  -> (artifact id: '45342428ce5884f6193c206e357bc7ea') in 0.005717 seconds
  Import took 0.008655 seconds .

========================================================================
Received Import Request.
  Time since last request: 0.024788 seconds.
  path: Assets/Scripts/utilities/utility tracking for unity/Uniducial/FiducialController.cs
  artifactKey: Guid(c42e5a96893570f4da7273114a9380f7) Importer(815301076,1909f56bfc062723c751e8b465ee728b)
Start importing Assets/Scripts/utilities/utility tracking for unity/Uniducial/FiducialController.cs using Guid(c42e5a96893570f4da7273114a9380f7) Importer(815301076,1909f56bfc062723c751e8b465ee728b)  -> (artifact id: '45342428ce5884f6193c206e357bc7ea') in 0.001985 seconds
  Import took 0.004779 seconds .

========================================================================
Received Prepare
Registering precompiled user dll's ...
Registered in 0.002222 seconds.
Begin MonoManager ReloadAssembly
Native extension for WindowsStandalone target not found
Refreshing native plugins compatible for Editor in 0.44 ms, found 0 plugins.
Preloading 0 native plugins for Editor in 0.00 ms.
Invoked RoslynAnalysisRunner static constructor.
RoslynAnalysisRunner will not be running.
RoslynAnalysisRunner has terminated.
Mono: successfully reloaded assembly
- Completed reload, in  0.739 seconds
Platform modules already initialized, skipping
Refreshing native plugins compatible for Editor in 0.46 ms, found 0 plugins.
Preloading 0 native plugins for Editor in 0.00 ms.
Unloading 1397 Unused Serialized files (Serialized files now loaded: 0)
System memory in use before: 72.2 MB.
System memory in use after: 72.3 MB.

Unloading 24 unused Assets to reduce memory usage. Loaded Objects now: 1919.
Total: 1.738200 ms (FindLiveObjects: 0.175000 ms CreateObjectMapping: 0.048400 ms MarkObjects: 1.495300 ms  DeleteObjects: 0.018300 ms)

========================================================================
Received Import Request.
  Time since last request: 672.008448 seconds.
  path: Assets/Scripts/utilities/utility tracking for unity/Uniducial/FiducialController.cs
  artifactKey: Guid(c42e5a96893570f4da7273114a9380f7) Importer(815301076,1909f56bfc062723c751e8b465ee728b)
Start importing Assets/Scripts/utilities/utility tracking for unity/Uniducial/FiducialController.cs using Guid(c42e5a96893570f4da7273114a9380f7) Importer(815301076,1909f56bfc062723c751e8b465ee728b)  -> (artifact id: '6bd622150d3211b3f87de58d1c81ff21') in 0.004189 seconds
  Import took 0.006549 seconds .

========================================================================
Received Prepare
Registering precompiled user dll's ...
Registered in 0.002319 seconds.
Begin MonoManager ReloadAssembly
Native extension for WindowsStandalone target not found
Refreshing native plugins compatible for Editor in 0.49 ms, found 0 plugins.
Preloading 0 native plugins for Editor in 0.00 ms.
Invoked RoslynAnalysisRunner static constructor.
RoslynAnalysisRunner will not be running.
RoslynAnalysisRunner has terminated.
Mono: successfully reloaded assembly
- Completed reload, in  0.723 seconds
Platform modules already initialized, skipping
Refreshing native plugins compatible for Editor in 0.42 ms, found 0 plugins.
Preloading 0 native plugins for Editor in 0.00 ms.
Unloading 1397 Unused Serialized files (Serialized files now loaded: 0)
System memory in use before: 72.2 MB.
System memory in use after: 72.3 MB.

Unloading 24 unused Assets to reduce memory usage. Loaded Objects now: 1921.
Total: 1.829700 ms (FindLiveObjects: 0.205200 ms CreateObjectMapping: 0.051000 ms MarkObjects: 1.555300 ms  DeleteObjects: 0.017500 ms)

========================================================================
Received Prepare
Registering precompiled user dll's ...
Registered in 0.002269 seconds.
Begin MonoManager ReloadAssembly
Native extension for WindowsStandalone target not found
Refreshing native plugins compatible for Editor in 1.01 ms, found 0 plugins.
Preloading 0 native plugins for Editor in 0.00 ms.
Invoked RoslynAnalysisRunner static constructor.
RoslynAnalysisRunner will not be running.
RoslynAnalysisRunner has terminated.
Mono: successfully reloaded assembly
- Completed reload, in  0.731 seconds
Platform modules already initialized, skipping
Refreshing native plugins compatible for Editor in 0.55 ms, found 0 plugins.
Preloading 0 native plugins for Editor in 0.00 ms.
Unloading 1397 Unused Serialized files (Serialized files now loaded: 0)
System memory in use before: 72.2 MB.
System memory in use after: 72.3 MB.

Unloading 24 unused Assets to reduce memory usage. Loaded Objects now: 1923.
Total: 1.932500 ms (FindLiveObjects: 0.241800 ms CreateObjectMapping: 0.075600 ms MarkObjects: 1.598100 ms  DeleteObjects: 0.016200 ms)

========================================================================
Received Prepare
Registering precompiled user dll's ...
Registered in 0.002233 seconds.
Begin MonoManager ReloadAssembly
Native extension for WindowsStandalone target not found
Refreshing native plugins compatible for Editor in 0.46 ms, found 0 plugins.
Preloading 0 native plugins for Editor in 0.00 ms.
Invoked RoslynAnalysisRunner static constructor.
RoslynAnalysisRunner will not be running.
RoslynAnalysisRunner has terminated.
Mono: successfully reloaded assembly
- Completed reload, in  0.729 seconds
Platform modules already initialized, skipping
Refreshing native plugins compatible for Editor in 0.46 ms, found 0 plugins.
Preloading 0 native plugins for Editor in 0.00 ms.
Unloading 1397 Unused Serialized files (Serialized files now loaded: 0)
System memory in use before: 72.2 MB.
System memory in use after: 72.3 MB.

Unloading 24 unused Assets to reduce memory usage. Loaded Objects now: 1925.
Total: 1.910500 ms (FindLiveObjects: 0.376700 ms CreateObjectMapping: 0.092700 ms MarkObjects: 1.423000 ms  DeleteObjects: 0.016500 ms)

========================================================================
Received Prepare
Registering precompiled user dll's ...
Registered in 0.002299 seconds.
Begin MonoManager ReloadAssembly
Native extension for WindowsStandalone target not found
Refreshing native plugins compatible for Editor in 0.43 ms, found 0 plugins.
Preloading 0 native plugins for Editor in 0.00 ms.
Invoked RoslynAnalysisRunner static constructor.
RoslynAnalysisRunner will not be running.
RoslynAnalysisRunner has terminated.
Mono: successfully reloaded assembly
- Completed reload, in  0.729 seconds
Platform modules already initialized, skipping
Refreshing native plugins compatible for Editor in 0.46 ms, found 0 plugins.
Preloading 0 native plugins for Editor in 0.00 ms.
Unloading 1397 Unused Serialized files (Serialized files now loaded: 0)
System memory in use before: 72.2 MB.
System memory in use after: 72.3 MB.

Unloading 24 unused Assets to reduce memory usage. Loaded Objects now: 1927.
Total: 1.846600 ms (FindLiveObjects: 0.421300 ms CreateObjectMapping: 0.048500 ms MarkObjects: 1.361100 ms  DeleteObjects: 0.014500 ms)

========================================================================
Received Prepare
Registering precompiled user dll's ...
Registered in 0.002871 seconds.
Begin MonoManager ReloadAssembly
Native extension for WindowsStandalone target not found
Refreshing native plugins compatible for Editor in 1.07 ms, found 0 plugins.
Preloading 0 native plugins for Editor in 0.00 ms.
Invoked RoslynAnalysisRunner static constructor.
RoslynAnalysisRunner will not be running.
RoslynAnalysisRunner has terminated.
Mono: successfully reloaded assembly
- Completed reload, in  0.967 seconds
Platform modules already initialized, skipping
Refreshing native plugins compatible for Editor in 1.10 ms, found 0 plugins.
Preloading 0 native plugins for Editor in 0.00 ms.
Unloading 1397 Unused Serialized files (Serialized files now loaded: 0)
System memory in use before: 72.2 MB.
System memory in use after: 72.3 MB.

Unloading 24 unused Assets to reduce memory usage. Loaded Objects now: 1929.
Total: 1.781000 ms (FindLiveObjects: 0.178000 ms CreateObjectMapping: 0.047600 ms MarkObjects: 1.536700 ms  DeleteObjects: 0.017400 ms)

