Using pre-set license
Built from '2020.2/release' branch; Version is '2020.2.4f1 (becced5a802b) revision 12504301'; Using compiler version '192528614'; Build Type 'Release'
OS: 'Windows 10 Home; OS build 19041.985; Version 2004; 64bit' Language: 'es' Physical Memory: 6057 MB
BatchMode: 1, IsHumanControllingUs: 0, StartBugReporterOnCrash: 0, Is64bit: 1, IsPro: 0

 COMMAND LINE ARGUMENTS:
C:\Program Files\Unity\Hub\Editor\2020.2.4f1\Editor\Unity.exe
-adb2
-batchMode
-noUpm
-name
AssetImportWorker0
-projectPath
C:/Users/clara/OneDrive/Documentos/Universitat/3r Curs/Interactive Systems/Spoon Light/Project Skeleton/Clean-lab-proyect-main
-logFile
Logs/AssetImportWorker0.log
-srvPort
51584
Successfully changed project path to: C:/Users/clara/OneDrive/Documentos/Universitat/3r Curs/Interactive Systems/Spoon Light/Project Skeleton/Clean-lab-proyect-main
C:/Users/clara/OneDrive/Documentos/Universitat/3r Curs/Interactive Systems/Spoon Light/Project Skeleton/Clean-lab-proyect-main
Using Asset Import Pipeline V2.
Refreshing native plugins compatible for Editor in 106.09 ms, found 0 plugins.
Preloading 0 native plugins for Editor in 0.00 ms.
Initialize engine version: 2020.2.4f1 (becced5a802b)
[Subsystems] Discovering subsystems at path C:/Program Files/Unity/Hub/Editor/2020.2.4f1/Editor/Data/Resources/UnitySubsystems
[Subsystems] Discovering subsystems at path C:/Users/clara/OneDrive/Documentos/Universitat/3r Curs/Interactive Systems/Spoon Light/Project Skeleton/Clean-lab-proyect-main/Assets
GfxDevice: creating device client; threaded=0
Direct3D:
    Version:  Direct3D 11.0 [level 11.1]
    Renderer: AMD Radeon(TM) Vega 8 Graphics (ID=0x15d8)
    Vendor:   
    VRAM:     3028 MB
    Driver:   27.20.11044.7
Initialize mono
Mono path[0] = 'C:/Program Files/Unity/Hub/Editor/2020.2.4f1/Editor/Data/Managed'
Mono path[1] = 'C:/Program Files/Unity/Hub/Editor/2020.2.4f1/Editor/Data/MonoBleedingEdge/lib/mono/unityjit'
Mono config path = 'C:/Program Files/Unity/Hub/Editor/2020.2.4f1/Editor/Data/MonoBleedingEdge/etc'
Using monoOptions --debugger-agent=transport=dt_socket,embedding=1,server=y,suspend=n,address=127.0.0.1:56432
Begin MonoManager ReloadAssembly
Registering precompiled unity dll's ...
Register platform support module: C:/Program Files/Unity/Hub/Editor/2020.2.4f1/Editor/Data/PlaybackEngines/WindowsStandaloneSupport/UnityEditor.WindowsStandalone.Extensions.dll
Registered in 0.007213 seconds.
Native extension for WindowsStandalone target not found
Refreshing native plugins compatible for Editor in 102.39 ms, found 0 plugins.
Preloading 0 native plugins for Editor in 0.00 ms.
Unable to find bridge dll in registry for Microsoft Visual Studio Tools for Unity for C:\Program Files (x86)\Microsoft Visual Studio\2019\Community\Common7\IDE\devenv.exe
Invoked RoslynAnalysisRunner static constructor.
RoslynAnalysisRunner will not be running.
RoslynAnalysisRunner has terminated.
Mono: successfully reloaded assembly
- Completed reload, in  5.720 seconds
Platform modules already initialized, skipping
Registering precompiled user dll's ...
Registered in 0.009048 seconds.
Begin MonoManager ReloadAssembly
Native extension for WindowsStandalone target not found
Refreshing native plugins compatible for Editor in 1.09 ms, found 0 plugins.
Preloading 0 native plugins for Editor in 0.00 ms.
Invoked RoslynAnalysisRunner static constructor.
RoslynAnalysisRunner will not be running.
RoslynAnalysisRunner has terminated.
Mono: successfully reloaded assembly
- Completed reload, in  2.083 seconds
Platform modules already initialized, skipping
========================================================================
Worker process is ready to serve import requests
Launched and connected shader compiler UnityShaderCompiler.exe after 0.13 seconds
Refreshing native plugins compatible for Editor in 2.02 ms, found 0 plugins.
Preloading 0 native plugins for Editor in 0.00 ms.
Unloading 1407 Unused Serialized files (Serialized files now loaded: 0)
System memory in use before: 67.8 MB.
System memory in use after: 67.9 MB.

Unloading 33 unused Assets to reduce memory usage. Loaded Objects now: 1837.
Total: 6.111300 ms (FindLiveObjects: 0.908200 ms CreateObjectMapping: 0.202300 ms MarkObjects: 4.781400 ms  DeleteObjects: 0.214000 ms)

========================================================================
Received Import Request.
  path: Assets/Kitchen Asset/Prefabs/deeppan.prefab
  artifactKey: Guid(d15472a0ad9a62e49a54ad28cabd11cb) Importer(815301076,1909f56bfc062723c751e8b465ee728b)
Start importing Assets/Kitchen Asset/Prefabs/deeppan.prefab using Guid(d15472a0ad9a62e49a54ad28cabd11cb) Importer(815301076,1909f56bfc062723c751e8b465ee728b)  -> (artifact id: '7d276dba7a397d3c6d5f01c4a4b31323') in 0.391964 seconds
  Import took 0.398339 seconds .

========================================================================
Received Import Request.
  Time since last request: 0.001162 seconds.
  path: Assets/Food Pack Mixed/Prefabs/Coffee Beans.prefab
  artifactKey: Guid(a3c99d807c3f721468e9d4e57edc49db) Importer(815301076,1909f56bfc062723c751e8b465ee728b)
Start importing Assets/Food Pack Mixed/Prefabs/Coffee Beans.prefab using Guid(a3c99d807c3f721468e9d4e57edc49db) Importer(815301076,1909f56bfc062723c751e8b465ee728b)  -> (artifact id: 'be672a73a85b942c03a6ca64dbd74dde') in 0.099133 seconds
  Import took 0.104810 seconds .

========================================================================
Received Import Request.
  Time since last request: 0.000525 seconds.
  path: Assets/Food Pack Mixed/Prefabs/CerealBox.prefab
  artifactKey: Guid(0b5404da58d77384eac105547be6a633) Importer(815301076,1909f56bfc062723c751e8b465ee728b)
Start importing Assets/Food Pack Mixed/Prefabs/CerealBox.prefab using Guid(0b5404da58d77384eac105547be6a633) Importer(815301076,1909f56bfc062723c751e8b465ee728b)  -> (artifact id: '23bfeb02b42d5062135ca3e390fa9ad6') in 0.077087 seconds
  Import took 0.082455 seconds .

========================================================================
Received Import Request.
  Time since last request: 0.000609 seconds.
  path: Assets/Prefabs/cookingPan.prefab
  artifactKey: Guid(2d8fda387b171d1409bb094d90ad5319) Importer(815301076,1909f56bfc062723c751e8b465ee728b)
Start importing Assets/Prefabs/cookingPan.prefab using Guid(2d8fda387b171d1409bb094d90ad5319) Importer(815301076,1909f56bfc062723c751e8b465ee728b)  -> (artifact id: '650c88d3190f6ac13bb6e01353fbbbf5') in 0.399117 seconds
  Import took 0.404175 seconds .

========================================================================
Received Import Request.
  Time since last request: 0.000594 seconds.
  path: Assets/Prefabs/utilities/Cameras.prefab
  artifactKey: Guid(351674f5e385dab489810361428275cc) Importer(815301076,1909f56bfc062723c751e8b465ee728b)
Start importing Assets/Prefabs/utilities/Cameras.prefab using Guid(351674f5e385dab489810361428275cc) Importer(815301076,1909f56bfc062723c751e8b465ee728b)  -> (artifact id: '9701e8bd33617640a5f543dda1e2bcbf') in 0.058323 seconds
  Import took 0.063302 seconds .

========================================================================
Received Import Request.
  Time since last request: 0.000556 seconds.
  path: Assets/Kitchen Asset/Prefabs/Board.prefab
  artifactKey: Guid(da39b72aa18fa5e48b10d7ec95000d35) Importer(815301076,1909f56bfc062723c751e8b465ee728b)
Start importing Assets/Kitchen Asset/Prefabs/Board.prefab using Guid(da39b72aa18fa5e48b10d7ec95000d35) Importer(815301076,1909f56bfc062723c751e8b465ee728b)  -> (artifact id: 'a2e30842685d917d4620ad42903fe135') in 0.104036 seconds
  Import took 0.110274 seconds .

========================================================================
Received Import Request.
  Time since last request: 0.000534 seconds.
  path: Assets/Kitchen Asset/Prefabs/Apple.prefab
  artifactKey: Guid(7cd627a1919ab7748980fbcec674e6a0) Importer(815301076,1909f56bfc062723c751e8b465ee728b)
Start importing Assets/Kitchen Asset/Prefabs/Apple.prefab using Guid(7cd627a1919ab7748980fbcec674e6a0) Importer(815301076,1909f56bfc062723c751e8b465ee728b)  -> (artifact id: '45177eebc510a44cb29b4b1eccd8a808') in 0.146361 seconds
  Import took 0.155087 seconds .

========================================================================
Received Import Request.
  Time since last request: 0.000565 seconds.
  path: Assets/Food Pack Mixed/Prefabs/Cheese.prefab
  artifactKey: Guid(01b73c6adbc49e547a4050d07ce31bca) Importer(815301076,1909f56bfc062723c751e8b465ee728b)
Start importing Assets/Food Pack Mixed/Prefabs/Cheese.prefab using Guid(01b73c6adbc49e547a4050d07ce31bca) Importer(815301076,1909f56bfc062723c751e8b465ee728b)  -> (artifact id: '7b592e1ecc7785c7e341e1f0b203e157') in 0.451465 seconds
  Import took 0.457603 seconds .

========================================================================
Received Import Request.
  Time since last request: 0.000594 seconds.
  path: Assets/Scenes/Sample Scene.unity
  artifactKey: Guid(28b01497748dc1a4599c1e6bca09c4a1) Importer(815301076,1909f56bfc062723c751e8b465ee728b)
Start importing Assets/Scenes/Sample Scene.unity using Guid(28b01497748dc1a4599c1e6bca09c4a1) Importer(815301076,1909f56bfc062723c751e8b465ee728b)  -> (artifact id: 'fa71bcc1c3737307a1b8e84d10360c38') in 0.050828 seconds
  Import took 0.056833 seconds .

========================================================================
Received Import Request.
  Time since last request: 0.000703 seconds.
  path: Assets/Food Pack Mixed/Prefabs/Banana.prefab
  artifactKey: Guid(4796225296cb20b4995d92a186fe1010) Importer(815301076,1909f56bfc062723c751e8b465ee728b)
Start importing Assets/Food Pack Mixed/Prefabs/Banana.prefab using Guid(4796225296cb20b4995d92a186fe1010) Importer(815301076,1909f56bfc062723c751e8b465ee728b)  -> (artifact id: 'e3fb64713a16ca0685ace5dc7ca45104') in 0.292736 seconds
  Import took 0.300221 seconds .

========================================================================
Received Import Request.
  Time since last request: 0.000638 seconds.
  path: Assets/TMI - Kitchen/Prefabs/chair.prefab
  artifactKey: Guid(784e35ed9f27aa744b517ad20f9078d6) Importer(815301076,1909f56bfc062723c751e8b465ee728b)
Start importing Assets/TMI - Kitchen/Prefabs/chair.prefab using Guid(784e35ed9f27aa744b517ad20f9078d6) Importer(815301076,1909f56bfc062723c751e8b465ee728b)  -> (artifact id: '15edf7c21e0531dd5dcda2d4b0a4912c') in 0.077197 seconds
  Import took 0.083206 seconds .

========================================================================
Received Import Request.
  Time since last request: 0.000558 seconds.
  path: Assets/TMI - Kitchen/Prefabs/cooking_pot.prefab
  artifactKey: Guid(46a187f97233b1f4cbc759a8b4ea9cf7) Importer(815301076,1909f56bfc062723c751e8b465ee728b)
Start importing Assets/TMI - Kitchen/Prefabs/cooking_pot.prefab using Guid(46a187f97233b1f4cbc759a8b4ea9cf7) Importer(815301076,1909f56bfc062723c751e8b465ee728b)  -> (artifact id: '45fa02409e9a0aceb5cdebc1cd4a26b2') in 0.067756 seconds
  Import took 0.074612 seconds .

========================================================================
Received Import Request.
  Time since last request: 0.000532 seconds.
  path: Assets/Prefabs/AppleHalf.prefab
  artifactKey: Guid(d3c3e6c8e08dfc94aa7f6d65820967e4) Importer(815301076,1909f56bfc062723c751e8b465ee728b)
Start importing Assets/Prefabs/AppleHalf.prefab using Guid(d3c3e6c8e08dfc94aa7f6d65820967e4) Importer(815301076,1909f56bfc062723c751e8b465ee728b)  -> (artifact id: '73ab45483f3e3eef82afb05bdd2e247d') in 0.270705 seconds
  Import took 0.275958 seconds .

========================================================================
Received Import Request.
  Time since last request: 0.000530 seconds.
  path: Assets/Prefabs/Blue Player Variant.prefab
  artifactKey: Guid(a2aaaa094093a294aade9f5a5ce62bbb) Importer(815301076,1909f56bfc062723c751e8b465ee728b)
Start importing Assets/Prefabs/Blue Player Variant.prefab using Guid(a2aaaa094093a294aade9f5a5ce62bbb) Importer(815301076,1909f56bfc062723c751e8b465ee728b)  -> (artifact id: '301fec61d4a2b19642c67c7153bd55a3') in 0.078461 seconds
  Import took 0.084341 seconds .

========================================================================
Received Import Request.
  Time since last request: 0.000714 seconds.
  path: Assets/Food Pack Mixed/Prefabs/Carrots.prefab
  artifactKey: Guid(d84175fc0fe8e2b4497a019ac65c2c30) Importer(815301076,1909f56bfc062723c751e8b465ee728b)
Start importing Assets/Food Pack Mixed/Prefabs/Carrots.prefab using Guid(d84175fc0fe8e2b4497a019ac65c2c30) Importer(815301076,1909f56bfc062723c751e8b465ee728b)  -> (artifact id: '6f43848a55c7540ce70aef0a0783150e') in 0.083720 seconds
  Import took 0.089077 seconds .

========================================================================
Received Import Request.
  Time since last request: 0.000625 seconds.
  path: Packages/com.unity.analytics/DataPrivacy/DataPrivacyButton.prefab
  artifactKey: Guid(71b11355001648444b41d17fd36c150d) Importer(815301076,1909f56bfc062723c751e8b465ee728b)
Start importing Packages/com.unity.analytics/DataPrivacy/DataPrivacyButton.prefab using Guid(71b11355001648444b41d17fd36c150d) Importer(815301076,1909f56bfc062723c751e8b465ee728b)  -> (artifact id: '79c0094cb63774e04064e09a0109fd65') in 0.087270 seconds
  Import took 0.092405 seconds .

========================================================================
Received Import Request.
  Time since last request: 0.000567 seconds.
  path: Assets/Food Pack Mixed/Prefabs/BeerBottle.prefab
  artifactKey: Guid(293ec170ec9912240b5765c4cf87f845) Importer(815301076,1909f56bfc062723c751e8b465ee728b)
Start importing Assets/Food Pack Mixed/Prefabs/BeerBottle.prefab using Guid(293ec170ec9912240b5765c4cf87f845) Importer(815301076,1909f56bfc062723c751e8b465ee728b)  -> (artifact id: '794904ee72e512efe9235eaf9843100b') in 0.198181 seconds
  Import took 0.203360 seconds .

========================================================================
Received Import Request.
  Time since last request: 0.000569 seconds.
  path: Assets/Kitchen Asset/Prefabs/Cap1.prefab
  artifactKey: Guid(6eb85e11fa7e236498f71c3ed6de0cb9) Importer(815301076,1909f56bfc062723c751e8b465ee728b)
Start importing Assets/Kitchen Asset/Prefabs/Cap1.prefab using Guid(6eb85e11fa7e236498f71c3ed6de0cb9) Importer(815301076,1909f56bfc062723c751e8b465ee728b)  -> (artifact id: 'fb81af4d14ebd7e1df67559bdfb3dd7c') in 0.655049 seconds
  Import took 0.663616 seconds .

========================================================================
Received Import Request.
  Time since last request: 0.000544 seconds.
  path: Assets/Food Pack Mixed/Prefabs/Cherries.prefab
  artifactKey: Guid(157c152b742b53d47a699c534a055cd0) Importer(815301076,1909f56bfc062723c751e8b465ee728b)
Start importing Assets/Food Pack Mixed/Prefabs/Cherries.prefab using Guid(157c152b742b53d47a699c534a055cd0) Importer(815301076,1909f56bfc062723c751e8b465ee728b)  -> (artifact id: '1e2426828e07f3a07ece0833c816bddf') in 0.085880 seconds
  Import took 0.091200 seconds .

========================================================================
Received Import Request.
  Time since last request: 0.000549 seconds.
  path: Assets/Food Pack Mixed/Prefabs/Almonds.prefab
  artifactKey: Guid(de210fd90ad6dc646b16695a73ecb68b) Importer(815301076,1909f56bfc062723c751e8b465ee728b)
Start importing Assets/Food Pack Mixed/Prefabs/Almonds.prefab using Guid(de210fd90ad6dc646b16695a73ecb68b) Importer(815301076,1909f56bfc062723c751e8b465ee728b)  -> (artifact id: '1bcbfce637f5c151b68a7828fbb35232') in 0.082730 seconds
  Import took 0.089245 seconds .

========================================================================
Received Import Request.
  Time since last request: 0.000707 seconds.
  path: Assets/Prefabs/CutTable.prefab
  artifactKey: Guid(8f6339fc18a7ebd468bf1828ac1a46d2) Importer(815301076,1909f56bfc062723c751e8b465ee728b)
Start importing Assets/Prefabs/CutTable.prefab using Guid(8f6339fc18a7ebd468bf1828ac1a46d2) Importer(815301076,1909f56bfc062723c751e8b465ee728b)  -> (artifact id: '62caff74ee876dbe985d32b763f69a0a') in 0.066639 seconds
  Import took 0.071950 seconds .

========================================================================
Received Import Request.
  Time since last request: 0.000813 seconds.
  path: Assets/Kitchen Asset/Prefabs/CornFlakes.prefab
  artifactKey: Guid(95cb85553a003914f8143e52b614b08f) Importer(815301076,1909f56bfc062723c751e8b465ee728b)
Start importing Assets/Kitchen Asset/Prefabs/CornFlakes.prefab using Guid(95cb85553a003914f8143e52b614b08f) Importer(815301076,1909f56bfc062723c751e8b465ee728b)  -> (artifact id: '6f9276f30399d3fc8b3412c7b1eeabb7') in 0.128028 seconds
  Import took 0.135254 seconds .

========================================================================
Received Import Request.
  Time since last request: 0.000730 seconds.
  path: Assets/Food Pack Mixed/Prefabs/BlackPepper.prefab
  artifactKey: Guid(ef8149f66ca28af4a871b92b646eb080) Importer(815301076,1909f56bfc062723c751e8b465ee728b)
Start importing Assets/Food Pack Mixed/Prefabs/BlackPepper.prefab using Guid(ef8149f66ca28af4a871b92b646eb080) Importer(815301076,1909f56bfc062723c751e8b465ee728b)  -> (artifact id: 'e1c13e2ce82312e5678c2982b0fa828b') in 0.072638 seconds
  Import took 0.079422 seconds .

========================================================================
Received Import Request.
  Time since last request: 0.000507 seconds.
  path: Assets/TMI - Kitchen/Prefabs/cooking_pot_2.prefab
  artifactKey: Guid(45f2bef516fe7ca4fa579d5ce40b872a) Importer(815301076,1909f56bfc062723c751e8b465ee728b)
Start importing Assets/TMI - Kitchen/Prefabs/cooking_pot_2.prefab using Guid(45f2bef516fe7ca4fa579d5ce40b872a) Importer(815301076,1909f56bfc062723c751e8b465ee728b)  -> (artifact id: '4f47e47a0ac327a6ec529f7a89e5d5bf') in 0.073613 seconds
  Import took 0.079264 seconds .

========================================================================
Received Import Request.
  Time since last request: 0.000570 seconds.
  path: Assets/Food Pack Mixed/Prefabs/BrownSugar.prefab
  artifactKey: Guid(b96592c3961418242a8f7c83a2e73180) Importer(815301076,1909f56bfc062723c751e8b465ee728b)
Start importing Assets/Food Pack Mixed/Prefabs/BrownSugar.prefab using Guid(b96592c3961418242a8f7c83a2e73180) Importer(815301076,1909f56bfc062723c751e8b465ee728b)  -> (artifact id: 'f749ca74fd68748d0638ca76bc7ac059') in 0.529781 seconds
  Import took 0.535434 seconds .

========================================================================
Received Import Request.
  Time since last request: 0.000556 seconds.
  path: Assets/Food Pack Mixed/Prefabs/ChilliPowder.prefab
  artifactKey: Guid(0a192fa34d09c63438d3c0fd81ddab90) Importer(815301076,1909f56bfc062723c751e8b465ee728b)
Start importing Assets/Food Pack Mixed/Prefabs/ChilliPowder.prefab using Guid(0a192fa34d09c63438d3c0fd81ddab90) Importer(815301076,1909f56bfc062723c751e8b465ee728b)  -> (artifact id: 'e8f1521a2ea8dbb22627579108cdfa37') in 0.071544 seconds
  Import took 0.076866 seconds .

========================================================================
Received Import Request.
  Time since last request: 0.000590 seconds.
  path: Assets/Food Pack Mixed/Prefabs/Capsicum.prefab
  artifactKey: Guid(8f069a4ce18677f4db8b5f022cb729e1) Importer(815301076,1909f56bfc062723c751e8b465ee728b)
Start importing Assets/Food Pack Mixed/Prefabs/Capsicum.prefab using Guid(8f069a4ce18677f4db8b5f022cb729e1) Importer(815301076,1909f56bfc062723c751e8b465ee728b)  -> (artifact id: 'daf6ab022dca3225dd9932f525c85797') in 0.086334 seconds
  Import took 0.091836 seconds .

========================================================================
Received Import Request.
  Time since last request: 0.000556 seconds.
  path: Assets/TMI - Kitchen/Prefabs/champagne_cup.prefab
  artifactKey: Guid(d75bd92344a1114418720669edd8ec88) Importer(815301076,1909f56bfc062723c751e8b465ee728b)
Start importing Assets/TMI - Kitchen/Prefabs/champagne_cup.prefab using Guid(d75bd92344a1114418720669edd8ec88) Importer(815301076,1909f56bfc062723c751e8b465ee728b)  -> (artifact id: '376a86f414b7c858ec1505c8fada9393') in 0.070137 seconds
  Import took 0.075386 seconds .

========================================================================
Received Import Request.
  Time since last request: 0.000549 seconds.
  path: Assets/Food Pack Mixed/Prefabs/Chips.prefab
  artifactKey: Guid(ccebba70701c0f245bf8f19075efd2e8) Importer(815301076,1909f56bfc062723c751e8b465ee728b)
Start importing Assets/Food Pack Mixed/Prefabs/Chips.prefab using Guid(ccebba70701c0f245bf8f19075efd2e8) Importer(815301076,1909f56bfc062723c751e8b465ee728b)  -> (artifact id: 'd91767e787d7dd0a5a44e4ad7be49a57') in 0.087777 seconds
  Import took 0.093249 seconds .

========================================================================
Received Import Request.
  Time since last request: 0.000602 seconds.
  path: Assets/Food Pack Mixed/Prefabs/BlueBerries.prefab
  artifactKey: Guid(c7c237ea5aba3e3498cd1e34a39b3a6a) Importer(815301076,1909f56bfc062723c751e8b465ee728b)
Start importing Assets/Food Pack Mixed/Prefabs/BlueBerries.prefab using Guid(c7c237ea5aba3e3498cd1e34a39b3a6a) Importer(815301076,1909f56bfc062723c751e8b465ee728b)  -> (artifact id: 'f596ad2f09b74bec4b2703c5b57f934b') in 0.076275 seconds
  Import took 0.081961 seconds .

========================================================================
Received Import Request.
  Time since last request: 0.000535 seconds.
  path: Assets/Prefabs/BoxTable.prefab
  artifactKey: Guid(fc21fc1d22442824989338bfc400741e) Importer(815301076,1909f56bfc062723c751e8b465ee728b)
Start importing Assets/Prefabs/BoxTable.prefab using Guid(fc21fc1d22442824989338bfc400741e) Importer(815301076,1909f56bfc062723c751e8b465ee728b)  -> (artifact id: '4d0326b868040a16c271e6222147605e') in 0.084694 seconds
  Import took 0.090177 seconds .

========================================================================
Received Import Request.
  Time since last request: 0.000588 seconds.
  path: Assets/Food Pack Mixed/Prefabs/CocoaPowder.prefab
  artifactKey: Guid(3c12f8b956d1b514182a249e12f61de1) Importer(815301076,1909f56bfc062723c751e8b465ee728b)
Start importing Assets/Food Pack Mixed/Prefabs/CocoaPowder.prefab using Guid(3c12f8b956d1b514182a249e12f61de1) Importer(815301076,1909f56bfc062723c751e8b465ee728b)  -> (artifact id: '20c7da71c2a0d71ee8c707f72927ed69') in 0.074817 seconds
  Import took 0.080392 seconds .

========================================================================
Received Import Request.
  Time since last request: 0.000586 seconds.
  path: Assets/Prefabs/CookingPot.prefab
  artifactKey: Guid(99c750bee33bae045b09796b9b95f377) Importer(815301076,1909f56bfc062723c751e8b465ee728b)
Start importing Assets/Prefabs/CookingPot.prefab using Guid(99c750bee33bae045b09796b9b95f377) Importer(815301076,1909f56bfc062723c751e8b465ee728b)  -> (artifact id: 'ae742d1ebc46da2457e2adf7344a91cd') in 0.555253 seconds
  Import took 0.561633 seconds .

========================================================================
Received Import Request.
  Time since last request: 0.000602 seconds.
  path: Assets/Food Pack Mixed/Prefabs/Butter.prefab
  artifactKey: Guid(4607e9ad1ab980d45bccc957fd1d2f8d) Importer(815301076,1909f56bfc062723c751e8b465ee728b)
Start importing Assets/Food Pack Mixed/Prefabs/Butter.prefab using Guid(4607e9ad1ab980d45bccc957fd1d2f8d) Importer(815301076,1909f56bfc062723c751e8b465ee728b)  -> (artifact id: '0283f037953b012c37fed0ecb5895620') in 0.078428 seconds
  Import took 0.084145 seconds .

========================================================================
Received Import Request.
  Time since last request: 125.192635 seconds.
  path: Assets/Scripts/utilities
  artifactKey: Guid(565b52da2be88db40937d8ebe945e291) Importer(815301076,1909f56bfc062723c751e8b465ee728b)
Start importing Assets/Scripts/utilities using Guid(565b52da2be88db40937d8ebe945e291) Importer(815301076,1909f56bfc062723c751e8b465ee728b)  -> (artifact id: 'f95e7f3a88be3cf579e39a080c1f9400') in 0.073119 seconds
  Import took 0.079847 seconds .

========================================================================
Received Import Request.
  Time since last request: 3.457169 seconds.
  path: Assets/Scripts/utilities/utility tracking for unity
  artifactKey: Guid(57f6db259ae3f0e4fa2c657d368a70a0) Importer(815301076,1909f56bfc062723c751e8b465ee728b)
Start importing Assets/Scripts/utilities/utility tracking for unity using Guid(57f6db259ae3f0e4fa2c657d368a70a0) Importer(815301076,1909f56bfc062723c751e8b465ee728b)  -> (artifact id: 'd538392d969eeb8a60a23b9e6eae16a4') in 0.075438 seconds
  Import took 0.082354 seconds .

========================================================================
Received Import Request.
  Time since last request: 0.989960 seconds.
  path: Assets/Scripts/utilities/utility tracking for unity/Uniducial
  artifactKey: Guid(a615d1691600b474599a8b1934c5b2d0) Importer(815301076,1909f56bfc062723c751e8b465ee728b)
Start importing Assets/Scripts/utilities/utility tracking for unity/Uniducial using Guid(a615d1691600b474599a8b1934c5b2d0) Importer(815301076,1909f56bfc062723c751e8b465ee728b)  -> (artifact id: '606b79e33f8417e17a3f4f7a1a741796') in 0.077991 seconds
  Import took 0.085432 seconds .

========================================================================
Received Import Request.
  Time since last request: 21.717260 seconds.
  path: Assets/Scripts/utilities/utility tracking for unity/Uniducial/IngredientsSpawner.cs
  artifactKey: Guid(acd5257e99eab9743b08c56efd3a4949) Importer(815301076,1909f56bfc062723c751e8b465ee728b)
Start importing Assets/Scripts/utilities/utility tracking for unity/Uniducial/IngredientsSpawner.cs using Guid(acd5257e99eab9743b08c56efd3a4949) Importer(815301076,1909f56bfc062723c751e8b465ee728b)  -> (artifact id: '8d6800765c6116a622eca08105eee10d') in 0.159440 seconds
  Import took 0.166158 seconds .

========================================================================
Received Prepare
Registering precompiled user dll's ...
Registered in 0.023312 seconds.
Begin MonoManager ReloadAssembly
Native extension for WindowsStandalone target not found
Refreshing native plugins compatible for Editor in 1.22 ms, found 0 plugins.
Preloading 0 native plugins for Editor in 0.00 ms.
Invoked RoslynAnalysisRunner static constructor.
RoslynAnalysisRunner will not be running.
RoslynAnalysisRunner has terminated.
Mono: successfully reloaded assembly
- Completed reload, in  3.574 seconds
Platform modules already initialized, skipping
Refreshing native plugins compatible for Editor in 1.17 ms, found 0 plugins.
Preloading 0 native plugins for Editor in 0.00 ms.
Unloading 1399 Unused Serialized files (Serialized files now loaded: 0)
System memory in use before: 71.9 MB.
System memory in use after: 72.0 MB.

Unloading 25 unused Assets to reduce memory usage. Loaded Objects now: 1852.
Total: 4.639200 ms (FindLiveObjects: 0.408000 ms CreateObjectMapping: 0.067700 ms MarkObjects: 4.075200 ms  DeleteObjects: 0.084100 ms)

========================================================================
Received Import Request.
  Time since last request: 389.737628 seconds.
  path: Assets/Models/Chief.fbx
  artifactKey: Guid(4b8f565c568ba9f429c986da959bb6e0) Importer(815301076,1909f56bfc062723c751e8b465ee728b)
Start importing Assets/Models/Chief.fbx using Guid(4b8f565c568ba9f429c986da959bb6e0) Importer(815301076,1909f56bfc062723c751e8b465ee728b)  -> (artifact id: '332c8e52c571f652eb0b934fb86d576b') in 0.495468 seconds
  Import took 0.503488 seconds .

========================================================================
Received Import Request.
  Time since last request: 4.437610 seconds.
  path: Assets/Kitchen Asset/FBX
  artifactKey: Guid(02bceeb802df22946989ae0ecbf1bddb) Importer(815301076,1909f56bfc062723c751e8b465ee728b)
Start importing Assets/Kitchen Asset/FBX using Guid(02bceeb802df22946989ae0ecbf1bddb) Importer(815301076,1909f56bfc062723c751e8b465ee728b)  -> (artifact id: '32e407864d50cfe96600b42c0d8e7001') in 0.073800 seconds
  Import took 0.080783 seconds .

========================================================================
Received Import Request.
  Time since last request: 16.589320 seconds.
  path: Assets/Kitchen Asset/Prefabs/Knife2.prefab
  artifactKey: Guid(2a79468e213672b4984d41d9f26ab16a) Importer(815301076,1909f56bfc062723c751e8b465ee728b)
Start importing Assets/Kitchen Asset/Prefabs/Knife2.prefab using Guid(2a79468e213672b4984d41d9f26ab16a) Importer(815301076,1909f56bfc062723c751e8b465ee728b)  -> (artifact id: '537d2e99e326a880e99e4153ccf4b6b4') in 0.141031 seconds
  Import took 0.149255 seconds .

========================================================================
Received Import Request.
  Time since last request: 0.000616 seconds.
  path: Assets/Kitchen Asset/Prefabs/Plate1.prefab
  artifactKey: Guid(8e9bdb5bf8e1022489334c16a0e43dce) Importer(815301076,1909f56bfc062723c751e8b465ee728b)
Start importing Assets/Kitchen Asset/Prefabs/Plate1.prefab using Guid(8e9bdb5bf8e1022489334c16a0e43dce) Importer(815301076,1909f56bfc062723c751e8b465ee728b)  -> (artifact id: 'a8191515fdbc78277312dc5c38e8f85e') in 0.121305 seconds
  Import took 0.126641 seconds .

========================================================================
Received Import Request.
  Time since last request: 0.000565 seconds.
  path: Assets/Kitchen Asset/Prefabs/Plate2.prefab
  artifactKey: Guid(9fb9d47ff93c62c4d81c6e1da501012a) Importer(815301076,1909f56bfc062723c751e8b465ee728b)
Start importing Assets/Kitchen Asset/Prefabs/Plate2.prefab using Guid(9fb9d47ff93c62c4d81c6e1da501012a) Importer(815301076,1909f56bfc062723c751e8b465ee728b)  -> (artifact id: '0e723205aafad589396045916a959281') in 0.130863 seconds
  Import took 0.137505 seconds .

========================================================================
Received Import Request.
  Time since last request: 0.000665 seconds.
  path: Assets/Kitchen Asset/Prefabs/table.prefab
  artifactKey: Guid(f3b80ff6904947949a912527d471aaa6) Importer(815301076,1909f56bfc062723c751e8b465ee728b)
Start importing Assets/Kitchen Asset/Prefabs/table.prefab using Guid(f3b80ff6904947949a912527d471aaa6) Importer(815301076,1909f56bfc062723c751e8b465ee728b)  -> (artifact id: '1357578354314cef7f9df3c4c884681a') in 0.164800 seconds
  Import took 0.172806 seconds .

========================================================================
Received Import Request.
  Time since last request: 0.000654 seconds.
  path: Assets/Kitchen Asset/Prefabs/Spoon.prefab
  artifactKey: Guid(32cf7cb5324804148862798ee1f49df8) Importer(815301076,1909f56bfc062723c751e8b465ee728b)
Start importing Assets/Kitchen Asset/Prefabs/Spoon.prefab using Guid(32cf7cb5324804148862798ee1f49df8) Importer(815301076,1909f56bfc062723c751e8b465ee728b)  -> (artifact id: '32a0a18a2362d194cd95cb9b8a9b7040') in 0.152722 seconds
  Import took 0.160923 seconds .

========================================================================
Received Import Request.
  Time since last request: 0.000690 seconds.
  path: Assets/Kitchen Asset/Prefabs/Lemon.prefab
  artifactKey: Guid(7796e5e8ea6331043b117257a041c92d) Importer(815301076,1909f56bfc062723c751e8b465ee728b)
Start importing Assets/Kitchen Asset/Prefabs/Lemon.prefab using Guid(7796e5e8ea6331043b117257a041c92d) Importer(815301076,1909f56bfc062723c751e8b465ee728b)  -> (artifact id: '03b10140e6ac92031ae56dd8a696c561') in 0.144425 seconds
  Import took 0.153146 seconds .

========================================================================
Received Import Request.
  Time since last request: 0.000631 seconds.
  path: Assets/Kitchen Asset/Prefabs/Milk.prefab
  artifactKey: Guid(a7b8c6cc9bfdb4d45a68517821f246a6) Importer(815301076,1909f56bfc062723c751e8b465ee728b)
Start importing Assets/Kitchen Asset/Prefabs/Milk.prefab using Guid(a7b8c6cc9bfdb4d45a68517821f246a6) Importer(815301076,1909f56bfc062723c751e8b465ee728b)  -> (artifact id: '7651df03adc33d260b374c2287c37dad') in 0.223473 seconds
  Import took 0.232587 seconds .

========================================================================
Received Import Request.
  Time since last request: 0.000790 seconds.
  path: Assets/Kitchen Asset/Prefabs/Sauce1.prefab
  artifactKey: Guid(c8b63a757cfc15c40a46b3d1a93f140b) Importer(815301076,1909f56bfc062723c751e8b465ee728b)
Start importing Assets/Kitchen Asset/Prefabs/Sauce1.prefab using Guid(c8b63a757cfc15c40a46b3d1a93f140b) Importer(815301076,1909f56bfc062723c751e8b465ee728b)  -> (artifact id: 'fb3e202cdb999b59aec58a3ac4cb4f1c') in 0.210100 seconds
  Import took 0.222229 seconds .

========================================================================
Received Import Request.
  Time since last request: 0.000740 seconds.
  path: Assets/Kitchen Asset/Prefabs/WaterMElon.prefab
  artifactKey: Guid(595f07ceb372f6843847d984ba9aaf8b) Importer(815301076,1909f56bfc062723c751e8b465ee728b)
Start importing Assets/Kitchen Asset/Prefabs/WaterMElon.prefab using Guid(595f07ceb372f6843847d984ba9aaf8b) Importer(815301076,1909f56bfc062723c751e8b465ee728b)  -> (artifact id: 'f2bde961b91f6e91c334fbd8cabf9e47') in 0.704969 seconds
  Import took 0.712688 seconds .

========================================================================
Received Import Request.
  Time since last request: 0.000709 seconds.
  path: Assets/Kitchen Asset/Prefabs/Ladle.prefab
  artifactKey: Guid(e63f6cfdb152e03478e17e66e6dc046e) Importer(815301076,1909f56bfc062723c751e8b465ee728b)
Start importing Assets/Kitchen Asset/Prefabs/Ladle.prefab using Guid(e63f6cfdb152e03478e17e66e6dc046e) Importer(815301076,1909f56bfc062723c751e8b465ee728b)  -> (artifact id: 'fad481a71b510244503be1a556190698') in 0.149479 seconds
  Import took 0.157864 seconds .

========================================================================
Received Import Request.
  Time since last request: 0.000665 seconds.
  path: Assets/Kitchen Asset/Prefabs/Pan.prefab
  artifactKey: Guid(12350bfc702bef44499bfd46c8dbb426) Importer(815301076,1909f56bfc062723c751e8b465ee728b)
Start importing Assets/Kitchen Asset/Prefabs/Pan.prefab using Guid(12350bfc702bef44499bfd46c8dbb426) Importer(815301076,1909f56bfc062723c751e8b465ee728b)  -> (artifact id: '32b288920fca9049fccfe8f241fbe470') in 0.149525 seconds
  Import took 0.156573 seconds .

========================================================================
Received Import Request.
  Time since last request: 0.000690 seconds.
  path: Assets/Kitchen Asset/Prefabs/RollingPin.prefab
  artifactKey: Guid(4097a285d710b744b9ff6cb685207bae) Importer(815301076,1909f56bfc062723c751e8b465ee728b)
Start importing Assets/Kitchen Asset/Prefabs/RollingPin.prefab using Guid(4097a285d710b744b9ff6cb685207bae) Importer(815301076,1909f56bfc062723c751e8b465ee728b)  -> (artifact id: '7ef7c428bc4ec70e2d77f824cb11559f') in 0.151830 seconds
  Import took 0.160290 seconds .

========================================================================
Received Import Request.
  Time since last request: 0.000623 seconds.
  path: Assets/Kitchen Asset/Prefabs/KnifeKitchen.prefab
  artifactKey: Guid(733c9f99aae6b2a4387b2583f86820e3) Importer(815301076,1909f56bfc062723c751e8b465ee728b)
Start importing Assets/Kitchen Asset/Prefabs/KnifeKitchen.prefab using Guid(733c9f99aae6b2a4387b2583f86820e3) Importer(815301076,1909f56bfc062723c751e8b465ee728b)  -> (artifact id: '6d7c0135b30c0edec3c188db8fb9df47') in 0.141646 seconds
  Import took 0.148026 seconds .

========================================================================
Received Import Request.
  Time since last request: 0.000785 seconds.
  path: Assets/Kitchen Asset/Prefabs/Plate3.prefab
  artifactKey: Guid(acbc7238c9c191d4d8aff4ab3a575a69) Importer(815301076,1909f56bfc062723c751e8b465ee728b)
Start importing Assets/Kitchen Asset/Prefabs/Plate3.prefab using Guid(acbc7238c9c191d4d8aff4ab3a575a69) Importer(815301076,1909f56bfc062723c751e8b465ee728b)  -> (artifact id: 'f45dbc57021c6cba8f4062a14caa64d4') in 0.115978 seconds
  Import took 0.123582 seconds .

========================================================================
Received Import Request.
  Time since last request: 0.000711 seconds.
  path: Assets/Kitchen Asset/Prefabs/Stand.prefab
  artifactKey: Guid(f1969e8867becad48968186262fbf790) Importer(815301076,1909f56bfc062723c751e8b465ee728b)
Start importing Assets/Kitchen Asset/Prefabs/Stand.prefab using Guid(f1969e8867becad48968186262fbf790) Importer(815301076,1909f56bfc062723c751e8b465ee728b)  -> (artifact id: '56edcef74201ff5a5348b87abe542e75') in 0.142243 seconds
  Import took 0.151612 seconds .

========================================================================
Received Import Request.
  Time since last request: 0.000673 seconds.
  path: Assets/Kitchen Asset/Prefabs/Plate3.prefab
  artifactKey: Guid(acbc7238c9c191d4d8aff4ab3a575a69) Importer(815301076,1909f56bfc062723c751e8b465ee728b)
Start importing Assets/Kitchen Asset/Prefabs/Plate3.prefab using Guid(acbc7238c9c191d4d8aff4ab3a575a69) Importer(815301076,1909f56bfc062723c751e8b465ee728b)  -> (artifact id: 'f45dbc57021c6cba8f4062a14caa64d4') in 0.099074 seconds
  Import took 0.105341 seconds .

========================================================================
Received Import Request.
  Time since last request: 5.650654 seconds.
  path: Assets/Arts/models/AppleHalf.fbx
  artifactKey: Guid(2384514995b3da04cb2f97323b37c7cc) Importer(815301076,1909f56bfc062723c751e8b465ee728b)
Start importing Assets/Arts/models/AppleHalf.fbx using Guid(2384514995b3da04cb2f97323b37c7cc) Importer(815301076,1909f56bfc062723c751e8b465ee728b)  -> (artifact id: '29671f4122b76bda28593fdae886d214') in 0.137301 seconds
  Import took 0.144806 seconds .

========================================================================
Received Import Request.
  Time since last request: 0.000687 seconds.
  path: Assets/Arts/models/Sink.obj
  artifactKey: Guid(800cd07b0c4273d45af238d9781c3126) Importer(815301076,1909f56bfc062723c751e8b465ee728b)
Start importing Assets/Arts/models/Sink.obj using Guid(800cd07b0c4273d45af238d9781c3126) Importer(815301076,1909f56bfc062723c751e8b465ee728b)  -> (artifact id: 'ea956104874e11ac1ed90448b66a3fd6') in 0.138566 seconds
  Import took 0.146213 seconds .

========================================================================
Received Import Request.
  Time since last request: 0.000660 seconds.
  path: Assets/Arts/models/recycle bin.FBX
  artifactKey: Guid(db0118998fd709042967bf89abb9ae74) Importer(815301076,1909f56bfc062723c751e8b465ee728b)
Start importing Assets/Arts/models/recycle bin.FBX using Guid(db0118998fd709042967bf89abb9ae74) Importer(815301076,1909f56bfc062723c751e8b465ee728b)  -> (artifact id: '4bfad1dc91b7f3f31cb83d47cd3e9158') in 0.174878 seconds
  Import took 0.182401 seconds .

========================================================================
Received Import Request.
  Time since last request: 0.000657 seconds.
  path: Assets/Arts/models/AppleHalf.fbx
  artifactKey: Guid(2384514995b3da04cb2f97323b37c7cc) Importer(815301076,1909f56bfc062723c751e8b465ee728b)
Start importing Assets/Arts/models/AppleHalf.fbx using Guid(2384514995b3da04cb2f97323b37c7cc) Importer(815301076,1909f56bfc062723c751e8b465ee728b)  -> (artifact id: '29671f4122b76bda28593fdae886d214') in 0.131425 seconds
  Import took 0.138286 seconds .

========================================================================
Received Import Request.
  Time since last request: 0.000653 seconds.
  path: Assets/Arts/models
  artifactKey: Guid(cd1c3ed4727977e4fa96c424a0c15bc0) Importer(815301076,1909f56bfc062723c751e8b465ee728b)
Start importing Assets/Arts/models using Guid(cd1c3ed4727977e4fa96c424a0c15bc0) Importer(815301076,1909f56bfc062723c751e8b465ee728b)  -> (artifact id: 'c07f8c5f10117f36bbb2e07de157cb65') in 0.073252 seconds
  Import took 0.080478 seconds .

========================================================================
Received Import Request.
  Time since last request: 0.000634 seconds.
  path: Assets/Arts/models/pan_2.fbx
  artifactKey: Guid(b0bc47a6cb1572943851657365271323) Importer(815301076,1909f56bfc062723c751e8b465ee728b)
Start importing Assets/Arts/models/pan_2.fbx using Guid(b0bc47a6cb1572943851657365271323) Importer(815301076,1909f56bfc062723c751e8b465ee728b)  -> (artifact id: 'fda20a19afc968ee06184c159a5a71ba') in 0.126576 seconds
  Import took 0.133635 seconds .

========================================================================
Received Import Request.
  Time since last request: 0.000626 seconds.
  path: Assets/Arts/models/Prop_Crate04.FBX
  artifactKey: Guid(dcc1c92eff9f5624c985b2fbeacf4c84) Importer(815301076,1909f56bfc062723c751e8b465ee728b)
Start importing Assets/Arts/models/Prop_Crate04.FBX using Guid(dcc1c92eff9f5624c985b2fbeacf4c84) Importer(815301076,1909f56bfc062723c751e8b465ee728b)  -> (artifact id: '8244384fa2e669b4a45995957eee07aa') in 0.116215 seconds
  Import took 0.122858 seconds .

========================================================================
Received Import Request.
  Time since last request: 0.000621 seconds.
  path: Assets/Arts/models/DirtyPlate.fbx
  artifactKey: Guid(92b3333288177ec4fb7086e7d10be406) Importer(815301076,1909f56bfc062723c751e8b465ee728b)
Start importing Assets/Arts/models/DirtyPlate.fbx using Guid(92b3333288177ec4fb7086e7d10be406) Importer(815301076,1909f56bfc062723c751e8b465ee728b)  -> (artifact id: '7ab8bf31f4ec8cbef90d6cdbe3e8ab07') in 0.131504 seconds
  Import took 0.138920 seconds .

========================================================================
Received Import Request.
  Time since last request: 0.000646 seconds.
  path: Assets/Arts/models/TomatoCutted.FBX
  artifactKey: Guid(f37258454b567f94da015c4846aa2be2) Importer(815301076,1909f56bfc062723c751e8b465ee728b)
Start importing Assets/Arts/models/TomatoCutted.FBX using Guid(f37258454b567f94da015c4846aa2be2) Importer(815301076,1909f56bfc062723c751e8b465ee728b)  -> (artifact id: 'af5472b3b6479d1af059e76ba9b27953') in 0.458179 seconds
  Import took 0.464469 seconds .

========================================================================
Received Import Request.
  Time since last request: 0.000770 seconds.
  path: Assets/Arts/models/Pot.obj
  artifactKey: Guid(b107696b180e1a94690f9e4c440f6d93) Importer(815301076,1909f56bfc062723c751e8b465ee728b)
Start importing Assets/Arts/models/Pot.obj using Guid(b107696b180e1a94690f9e4c440f6d93) Importer(815301076,1909f56bfc062723c751e8b465ee728b)  -> (artifact id: 'fa8065761b72d3b35e6242c55cf946a2') in 0.126161 seconds
  Import took 0.132728 seconds .

========================================================================
Received Import Request.
  Time since last request: 0.000651 seconds.
  path: Assets/Arts/models/Plate.obj
  artifactKey: Guid(c0282f62c193c5842937641e9cdc520f) Importer(815301076,1909f56bfc062723c751e8b465ee728b)
Start importing Assets/Arts/models/Plate.obj using Guid(c0282f62c193c5842937641e9cdc520f) Importer(815301076,1909f56bfc062723c751e8b465ee728b)  -> (artifact id: 'c397914ef6de50bbc180d964a04b3cbc') in 0.108056 seconds
  Import took 0.115160 seconds .

========================================================================
Received Prepare
Registering precompiled user dll's ...
Registered in 0.008233 seconds.
Begin MonoManager ReloadAssembly
Native extension for WindowsStandalone target not found
Refreshing native plugins compatible for Editor in 1.80 ms, found 0 plugins.
Preloading 0 native plugins for Editor in 0.00 ms.
Invoked RoslynAnalysisRunner static constructor.
RoslynAnalysisRunner will not be running.
RoslynAnalysisRunner has terminated.
Mono: successfully reloaded assembly
- Completed reload, in  2.055 seconds
Platform modules already initialized, skipping
Refreshing native plugins compatible for Editor in 1.50 ms, found 0 plugins.
Preloading 0 native plugins for Editor in 0.00 ms.
Unloading 1400 Unused Serialized files (Serialized files now loaded: 0)
System memory in use before: 73.2 MB.
System memory in use after: 73.3 MB.

Unloading 25 unused Assets to reduce memory usage. Loaded Objects now: 1895.
Total: 4.816300 ms (FindLiveObjects: 0.632400 ms CreateObjectMapping: 0.214100 ms MarkObjects: 3.895000 ms  DeleteObjects: 0.071600 ms)

========================================================================
Received Import Request.
  Time since last request: 323.147429 seconds.
  path: Assets/Scripts/utilities/utility tracking for unity/Uniducial/RemoveIngredients.cs
  artifactKey: Guid(2104e4322bf513049bfb23a7e648a499) Importer(815301076,1909f56bfc062723c751e8b465ee728b)
Start importing Assets/Scripts/utilities/utility tracking for unity/Uniducial/RemoveIngredients.cs using Guid(2104e4322bf513049bfb23a7e648a499) Importer(815301076,1909f56bfc062723c751e8b465ee728b)  -> (artifact id: '5d48408071174d9a23b205aa1aa90e81') in 0.082798 seconds
  Import took 0.088591 seconds .

========================================================================
Received Prepare
Registering precompiled user dll's ...
Registered in 0.007137 seconds.
Begin MonoManager ReloadAssembly
Native extension for WindowsStandalone target not found
Refreshing native plugins compatible for Editor in 1.33 ms, found 0 plugins.
Preloading 0 native plugins for Editor in 0.00 ms.
Invoked RoslynAnalysisRunner static constructor.
RoslynAnalysisRunner will not be running.
RoslynAnalysisRunner has terminated.
Mono: successfully reloaded assembly
- Completed reload, in  2.231 seconds
Platform modules already initialized, skipping
Refreshing native plugins compatible for Editor in 1.20 ms, found 0 plugins.
Preloading 0 native plugins for Editor in 0.00 ms.
Unloading 1400 Unused Serialized files (Serialized files now loaded: 0)
System memory in use before: 73.2 MB.
System memory in use after: 73.3 MB.

Unloading 24 unused Assets to reduce memory usage. Loaded Objects now: 1897.
Total: 4.872200 ms (FindLiveObjects: 0.394900 ms CreateObjectMapping: 0.092900 ms MarkObjects: 4.326000 ms  DeleteObjects: 0.054800 ms)

========================================================================
Received Import Request.
  Time since last request: 528.100666 seconds.
  path: Assets/Prefabs/DirtyPlate.prefab
  artifactKey: Guid(3a8afde62b74b2a44ba6ec82c0440004) Importer(815301076,1909f56bfc062723c751e8b465ee728b)
Start importing Assets/Prefabs/DirtyPlate.prefab using Guid(3a8afde62b74b2a44ba6ec82c0440004) Importer(815301076,1909f56bfc062723c751e8b465ee728b)  -> (artifact id: '4d3aa44e7ef24287d68c85e1f53f16bb') in 0.299906 seconds
  Import took 0.307000 seconds .

========================================================================
Received Import Request.
  Time since last request: 0.000719 seconds.
  path: Assets/Prefabs/Sink.prefab
  artifactKey: Guid(9820e813568b4614caa75a72fad11dcf) Importer(815301076,1909f56bfc062723c751e8b465ee728b)
Start importing Assets/Prefabs/Sink.prefab using Guid(9820e813568b4614caa75a72fad11dcf) Importer(815301076,1909f56bfc062723c751e8b465ee728b)  -> (artifact id: 'f11fd9994af0257f9ab41206c99ddf5e') in 0.155022 seconds
  Import took 0.162518 seconds .

========================================================================
Received Import Request.
  Time since last request: 0.000633 seconds.
  path: Assets/Prefabs/EmptyTable.prefab
  artifactKey: Guid(7039cf69cb870cc41bbac4df87a73ab8) Importer(815301076,1909f56bfc062723c751e8b465ee728b)
Start importing Assets/Prefabs/EmptyTable.prefab using Guid(7039cf69cb870cc41bbac4df87a73ab8) Importer(815301076,1909f56bfc062723c751e8b465ee728b)  -> (artifact id: '2a7a9dc80f6037c3d02393bfcdab1a84') in 0.077941 seconds
  Import took 0.086113 seconds .

========================================================================
Received Import Request.
  Time since last request: 0.000896 seconds.
  path: Assets/Prefabs/PlateTable.prefab
  artifactKey: Guid(cdd1ab88eeeab704e8906747e9531f27) Importer(815301076,1909f56bfc062723c751e8b465ee728b)
Start importing Assets/Prefabs/PlateTable.prefab using Guid(cdd1ab88eeeab704e8906747e9531f27) Importer(815301076,1909f56bfc062723c751e8b465ee728b)  -> (artifact id: 'f8bc057f6bbb9e7e688152c14e204ef3') in 0.100349 seconds
  Import took 0.108597 seconds .

========================================================================
Received Import Request.
  Time since last request: 0.000716 seconds.
  path: Assets/Prefabs/plate.prefab
  artifactKey: Guid(92a91ec826d28d3418863075e7bdcc68) Importer(815301076,1909f56bfc062723c751e8b465ee728b)
Start importing Assets/Prefabs/plate.prefab using Guid(92a91ec826d28d3418863075e7bdcc68) Importer(815301076,1909f56bfc062723c751e8b465ee728b)  -> (artifact id: 'acac2344e23a1567ea7e3be080e6d798') in 0.150496 seconds
  Import took 0.158806 seconds .

========================================================================
Received Import Request.
  Time since last request: 0.000642 seconds.
  path: Assets/Prefabs/Meat.prefab
  artifactKey: Guid(50fd2b79d6a1f174594d5d0e91767944) Importer(815301076,1909f56bfc062723c751e8b465ee728b)
Start importing Assets/Prefabs/Meat.prefab using Guid(50fd2b79d6a1f174594d5d0e91767944) Importer(815301076,1909f56bfc062723c751e8b465ee728b)  -> (artifact id: '9e3c3cc7f87f4a3efa3369ca0af11e39') in 0.086368 seconds
  Import took 0.093365 seconds .

========================================================================
Received Import Request.
  Time since last request: 0.000919 seconds.
  path: Assets/Prefabs/DirtyPlates.prefab
  artifactKey: Guid(41a3bcc307632334a8d03d4bcf162180) Importer(815301076,1909f56bfc062723c751e8b465ee728b)
Start importing Assets/Prefabs/DirtyPlates.prefab using Guid(41a3bcc307632334a8d03d4bcf162180) Importer(815301076,1909f56bfc062723c751e8b465ee728b)  -> (artifact id: '8f1d3550d9a37d2007b23766e6b664fa') in 0.119745 seconds
  Import took 0.128347 seconds .

========================================================================
Received Import Request.
  Time since last request: 0.000781 seconds.
  path: Assets/Prefabs/Exit.prefab
  artifactKey: Guid(4de20f905440b3d42b68cabc1c610638) Importer(815301076,1909f56bfc062723c751e8b465ee728b)
Start importing Assets/Prefabs/Exit.prefab using Guid(4de20f905440b3d42b68cabc1c610638) Importer(815301076,1909f56bfc062723c751e8b465ee728b)  -> (artifact id: '44545e1375cf02e06ae2ff24f2d39eee') in 0.098980 seconds
  Import took 0.104220 seconds .

========================================================================
Received Import Request.
  Time since last request: 0.000656 seconds.
  path: Assets/Prefabs/Task_1.prefab
  artifactKey: Guid(fc6b72d926578f24ab9ccc3fc2bbacb3) Importer(815301076,1909f56bfc062723c751e8b465ee728b)
Start importing Assets/Prefabs/Task_1.prefab using Guid(fc6b72d926578f24ab9ccc3fc2bbacb3) Importer(815301076,1909f56bfc062723c751e8b465ee728b)  -> (artifact id: 'cc1f1676b78931af27789ade9191aa02') in 0.102214 seconds
  Import took 0.109070 seconds .

========================================================================
Received Import Request.
  Time since last request: 0.000619 seconds.
  path: Assets/Prefabs/FinishedApple.prefab
  artifactKey: Guid(2822baf52b274144091e746e055634ad) Importer(815301076,1909f56bfc062723c751e8b465ee728b)
Start importing Assets/Prefabs/FinishedApple.prefab using Guid(2822baf52b274144091e746e055634ad) Importer(815301076,1909f56bfc062723c751e8b465ee728b)  -> (artifact id: '3b77adb9ed6be279bc54eb84628e6d38') in 0.102960 seconds
  Import took 0.109400 seconds .

========================================================================
Received Import Request.
  Time since last request: 0.000689 seconds.
  path: Assets/Prefabs/Garbage.prefab
  artifactKey: Guid(494e6e748c0624c46878e72450303bf7) Importer(815301076,1909f56bfc062723c751e8b465ee728b)
Start importing Assets/Prefabs/Garbage.prefab using Guid(494e6e748c0624c46878e72450303bf7) Importer(815301076,1909f56bfc062723c751e8b465ee728b)  -> (artifact id: '55e8ab67a33b263e3ea771afad83b4ec') in 0.083975 seconds
  Import took 0.090942 seconds .

========================================================================
Received Import Request.
  Time since last request: 0.000560 seconds.
  path: Assets/Prefabs/Tomato.prefab
  artifactKey: Guid(2a6df6b49cca1aa4cad171895b81a11e) Importer(815301076,1909f56bfc062723c751e8b465ee728b)
Start importing Assets/Prefabs/Tomato.prefab using Guid(2a6df6b49cca1aa4cad171895b81a11e) Importer(815301076,1909f56bfc062723c751e8b465ee728b)  -> (artifact id: '09f3eb39c036f1634d118079a3356fab') in 0.117020 seconds
  Import took 0.123816 seconds .

========================================================================
Received Import Request.
  Time since last request: 0.000584 seconds.
  path: Assets/Prefabs/Task_3.prefab
  artifactKey: Guid(192fe95c9b5774147be79ec4e0b52b9b) Importer(815301076,1909f56bfc062723c751e8b465ee728b)
Start importing Assets/Prefabs/Task_3.prefab using Guid(192fe95c9b5774147be79ec4e0b52b9b) Importer(815301076,1909f56bfc062723c751e8b465ee728b)  -> (artifact id: '49ab0d93fcbf46e0672f2abd6567ea9e') in 0.056876 seconds
  Import took 0.064360 seconds .

========================================================================
Received Import Request.
  Time since last request: 0.000723 seconds.
  path: Assets/Prefabs/Player.prefab
  artifactKey: Guid(cd1cb5635f8dbe649adff6525a31cfd3) Importer(815301076,1909f56bfc062723c751e8b465ee728b)
Start importing Assets/Prefabs/Player.prefab using Guid(cd1cb5635f8dbe649adff6525a31cfd3) Importer(815301076,1909f56bfc062723c751e8b465ee728b)  -> (artifact id: '5aef797d5caeb7dbff13e312fc88f48d') in 0.088910 seconds
  Import took 0.095982 seconds .

========================================================================
Received Import Request.
  Time since last request: 0.000627 seconds.
  path: Assets/Prefabs/OvenTable.prefab
  artifactKey: Guid(1febbfc62a111f54a88c23a579e476ff) Importer(815301076,1909f56bfc062723c751e8b465ee728b)
Start importing Assets/Prefabs/OvenTable.prefab using Guid(1febbfc62a111f54a88c23a579e476ff) Importer(815301076,1909f56bfc062723c751e8b465ee728b)  -> (artifact id: 'fb083fd67ab97008bcb9be77f1b974df') in 0.065347 seconds
  Import took 0.071052 seconds .

========================================================================
Received Import Request.
  Time since last request: 0.000630 seconds.
  path: Assets/Prefabs/Ingredients Box.prefab
  artifactKey: Guid(dea5b56a4f24b0643914f3fb5606199c) Importer(815301076,1909f56bfc062723c751e8b465ee728b)
Start importing Assets/Prefabs/Ingredients Box.prefab using Guid(dea5b56a4f24b0643914f3fb5606199c) Importer(815301076,1909f56bfc062723c751e8b465ee728b)  -> (artifact id: '93b05fd2196efe60878d6557f436167f') in 0.080234 seconds
  Import took 0.085834 seconds .

========================================================================
Received Import Request.
  Time since last request: 0.010204 seconds.
  path: Assets/Prefabs/Ingredients Box.prefab
  artifactKey: Guid(dea5b56a4f24b0643914f3fb5606199c) Importer(815301076,1909f56bfc062723c751e8b465ee728b)
Start importing Assets/Prefabs/Ingredients Box.prefab using Guid(dea5b56a4f24b0643914f3fb5606199c) Importer(815301076,1909f56bfc062723c751e8b465ee728b)  -> (artifact id: '93b05fd2196efe60878d6557f436167f') in 0.064540 seconds
  Import took 0.070087 seconds .

========================================================================
Received Prepare
Registering precompiled user dll's ...
Registered in 0.004946 seconds.
Begin MonoManager ReloadAssembly
Native extension for WindowsStandalone target not found
Refreshing native plugins compatible for Editor in 1.04 ms, found 0 plugins.
Preloading 0 native plugins for Editor in 0.00 ms.
Invoked RoslynAnalysisRunner static constructor.
RoslynAnalysisRunner will not be running.
RoslynAnalysisRunner has terminated.
Mono: successfully reloaded assembly
- Completed reload, in  1.894 seconds
Platform modules already initialized, skipping
Refreshing native plugins compatible for Editor in 0.98 ms, found 0 plugins.
Preloading 0 native plugins for Editor in 0.00 ms.
Unloading 1400 Unused Serialized files (Serialized files now loaded: 0)
System memory in use before: 73.3 MB.
System memory in use after: 73.4 MB.

Unloading 27 unused Assets to reduce memory usage. Loaded Objects now: 1900.
Total: 6.300000 ms (FindLiveObjects: 0.583000 ms CreateObjectMapping: 0.128200 ms MarkObjects: 5.477200 ms  DeleteObjects: 0.106200 ms)

========================================================================
Received Prepare
Registering precompiled user dll's ...
Registered in 0.005336 seconds.
Begin MonoManager ReloadAssembly
Native extension for WindowsStandalone target not found
Refreshing native plugins compatible for Editor in 1.23 ms, found 0 plugins.
Preloading 0 native plugins for Editor in 0.00 ms.
Invoked RoslynAnalysisRunner static constructor.
RoslynAnalysisRunner will not be running.
RoslynAnalysisRunner has terminated.
Mono: successfully reloaded assembly
- Completed reload, in  2.095 seconds
Platform modules already initialized, skipping
Refreshing native plugins compatible for Editor in 1.18 ms, found 0 plugins.
Preloading 0 native plugins for Editor in 0.00 ms.
Unloading 1400 Unused Serialized files (Serialized files now loaded: 0)
System memory in use before: 73.3 MB.
System memory in use after: 73.4 MB.

Unloading 24 unused Assets to reduce memory usage. Loaded Objects now: 1902.
Total: 3.934500 ms (FindLiveObjects: 0.374800 ms CreateObjectMapping: 0.090800 ms MarkObjects: 3.413000 ms  DeleteObjects: 0.052800 ms)

========================================================================
Received Prepare
Registering precompiled user dll's ...
Registered in 0.005249 seconds.
Begin MonoManager ReloadAssembly
Native extension for WindowsStandalone target not found
Refreshing native plugins compatible for Editor in 1.11 ms, found 0 plugins.
Preloading 0 native plugins for Editor in 0.00 ms.
Invoked RoslynAnalysisRunner static constructor.
RoslynAnalysisRunner will not be running.
RoslynAnalysisRunner has terminated.
Mono: successfully reloaded assembly
- Completed reload, in  1.943 seconds
Platform modules already initialized, skipping
Refreshing native plugins compatible for Editor in 1.35 ms, found 0 plugins.
Preloading 0 native plugins for Editor in 0.00 ms.
Unloading 1400 Unused Serialized files (Serialized files now loaded: 0)
System memory in use before: 73.3 MB.
System memory in use after: 73.4 MB.

Unloading 24 unused Assets to reduce memory usage. Loaded Objects now: 1904.
Total: 4.982800 ms (FindLiveObjects: 0.905200 ms CreateObjectMapping: 0.448400 ms MarkObjects: 3.570100 ms  DeleteObjects: 0.055000 ms)

========================================================================
Received Prepare
Registering precompiled user dll's ...
Registered in 0.004999 seconds.
Begin MonoManager ReloadAssembly
Native extension for WindowsStandalone target not found
Refreshing native plugins compatible for Editor in 2.04 ms, found 0 plugins.
Preloading 0 native plugins for Editor in 0.00 ms.
Invoked RoslynAnalysisRunner static constructor.
RoslynAnalysisRunner will not be running.
RoslynAnalysisRunner has terminated.
Mono: successfully reloaded assembly
- Completed reload, in  1.869 seconds
Platform modules already initialized, skipping
Refreshing native plugins compatible for Editor in 1.03 ms, found 0 plugins.
Preloading 0 native plugins for Editor in 0.00 ms.
Unloading 1400 Unused Serialized files (Serialized files now loaded: 0)
System memory in use before: 73.3 MB.
System memory in use after: 73.4 MB.

Unloading 24 unused Assets to reduce memory usage. Loaded Objects now: 1906.
Total: 6.167900 ms (FindLiveObjects: 1.105200 ms CreateObjectMapping: 0.211700 ms MarkObjects: 4.787100 ms  DeleteObjects: 0.060500 ms)

========================================================================
Received Prepare
Registering precompiled user dll's ...
Registered in 0.005192 seconds.
Begin MonoManager ReloadAssembly
Native extension for WindowsStandalone target not found
Refreshing native plugins compatible for Editor in 1.04 ms, found 0 plugins.
Preloading 0 native plugins for Editor in 0.00 ms.
Invoked RoslynAnalysisRunner static constructor.
RoslynAnalysisRunner will not be running.
RoslynAnalysisRunner has terminated.
Mono: successfully reloaded assembly
- Completed reload, in  1.862 seconds
Platform modules already initialized, skipping
Refreshing native plugins compatible for Editor in 1.13 ms, found 0 plugins.
Preloading 0 native plugins for Editor in 0.00 ms.
Unloading 1400 Unused Serialized files (Serialized files now loaded: 0)
System memory in use before: 73.3 MB.
System memory in use after: 73.4 MB.

Unloading 24 unused Assets to reduce memory usage. Loaded Objects now: 1908.
Total: 5.688700 ms (FindLiveObjects: 0.416500 ms CreateObjectMapping: 0.063200 ms MarkObjects: 5.157800 ms  DeleteObjects: 0.047000 ms)

========================================================================
Received Prepare
Registering precompiled user dll's ...
Registered in 0.005707 seconds.
Begin MonoManager ReloadAssembly
Native extension for WindowsStandalone target not found
Refreshing native plugins compatible for Editor in 1.10 ms, found 0 plugins.
Preloading 0 native plugins for Editor in 0.00 ms.
Invoked RoslynAnalysisRunner static constructor.
RoslynAnalysisRunner will not be running.
RoslynAnalysisRunner has terminated.
Mono: successfully reloaded assembly
- Completed reload, in  1.957 seconds
Platform modules already initialized, skipping
Refreshing native plugins compatible for Editor in 1.32 ms, found 0 plugins.
Preloading 0 native plugins for Editor in 0.00 ms.
Unloading 1400 Unused Serialized files (Serialized files now loaded: 0)
System memory in use before: 73.3 MB.
System memory in use after: 73.4 MB.

Unloading 24 unused Assets to reduce memory usage. Loaded Objects now: 1910.
Total: 5.143700 ms (FindLiveObjects: 0.656600 ms CreateObjectMapping: 0.088600 ms MarkObjects: 4.344400 ms  DeleteObjects: 0.050300 ms)

========================================================================
Received Prepare
Registering precompiled user dll's ...
Registered in 0.005606 seconds.
Begin MonoManager ReloadAssembly
Native extension for WindowsStandalone target not found
Refreshing native plugins compatible for Editor in 1.57 ms, found 0 plugins.
Preloading 0 native plugins for Editor in 0.00 ms.
Invoked RoslynAnalysisRunner static constructor.
RoslynAnalysisRunner will not be running.
RoslynAnalysisRunner has terminated.
Mono: successfully reloaded assembly
- Completed reload, in  1.920 seconds
Platform modules already initialized, skipping
Refreshing native plugins compatible for Editor in 1.44 ms, found 0 plugins.
Preloading 0 native plugins for Editor in 0.00 ms.
Unloading 1400 Unused Serialized files (Serialized files now loaded: 0)
System memory in use before: 73.3 MB.
System memory in use after: 73.4 MB.

Unloading 24 unused Assets to reduce memory usage. Loaded Objects now: 1912.
Total: 5.882700 ms (FindLiveObjects: 0.537200 ms CreateObjectMapping: 0.107400 ms MarkObjects: 5.169400 ms  DeleteObjects: 0.064600 ms)

========================================================================
Received Prepare
Registering precompiled user dll's ...
Registered in 0.007959 seconds.
Begin MonoManager ReloadAssembly
Native extension for WindowsStandalone target not found
Refreshing native plugins compatible for Editor in 1.07 ms, found 0 plugins.
Preloading 0 native plugins for Editor in 0.00 ms.
Invoked RoslynAnalysisRunner static constructor.
RoslynAnalysisRunner will not be running.
RoslynAnalysisRunner has terminated.
Mono: successfully reloaded assembly
- Completed reload, in  1.916 seconds
Platform modules already initialized, skipping
Refreshing native plugins compatible for Editor in 1.05 ms, found 0 plugins.
Preloading 0 native plugins for Editor in 0.00 ms.
Unloading 1400 Unused Serialized files (Serialized files now loaded: 0)
System memory in use before: 73.3 MB.
System memory in use after: 73.4 MB.

Unloading 24 unused Assets to reduce memory usage. Loaded Objects now: 1914.
Total: 5.454400 ms (FindLiveObjects: 0.396400 ms CreateObjectMapping: 0.094900 ms MarkObjects: 4.902600 ms  DeleteObjects: 0.056900 ms)

========================================================================
Received Prepare
Registering precompiled user dll's ...
Registered in 0.005379 seconds.
Begin MonoManager ReloadAssembly
Native extension for WindowsStandalone target not found
Refreshing native plugins compatible for Editor in 1.24 ms, found 0 plugins.
Preloading 0 native plugins for Editor in 0.00 ms.
Invoked RoslynAnalysisRunner static constructor.
RoslynAnalysisRunner will not be running.
RoslynAnalysisRunner has terminated.
Mono: successfully reloaded assembly
- Completed reload, in  2.284 seconds
Platform modules already initialized, skipping
Refreshing native plugins compatible for Editor in 2.14 ms, found 0 plugins.
Preloading 0 native plugins for Editor in 0.00 ms.
Unloading 1400 Unused Serialized files (Serialized files now loaded: 0)
System memory in use before: 73.3 MB.
System memory in use after: 73.4 MB.

Unloading 24 unused Assets to reduce memory usage. Loaded Objects now: 1916.
Total: 4.336900 ms (FindLiveObjects: 0.469300 ms CreateObjectMapping: 0.064400 ms MarkObjects: 3.752100 ms  DeleteObjects: 0.048200 ms)

========================================================================
Received Prepare
Registering precompiled user dll's ...
Registered in 0.005440 seconds.
Begin MonoManager ReloadAssembly
Native extension for WindowsStandalone target not found
Refreshing native plugins compatible for Editor in 1.07 ms, found 0 plugins.
Preloading 0 native plugins for Editor in 0.00 ms.
Invoked RoslynAnalysisRunner static constructor.
RoslynAnalysisRunner will not be running.
RoslynAnalysisRunner has terminated.
Mono: successfully reloaded assembly
- Completed reload, in  2.240 seconds
Platform modules already initialized, skipping
Refreshing native plugins compatible for Editor in 1.06 ms, found 0 plugins.
Preloading 0 native plugins for Editor in 0.00 ms.
Unloading 1400 Unused Serialized files (Serialized files now loaded: 0)
System memory in use before: 73.3 MB.
System memory in use after: 73.4 MB.

Unloading 24 unused Assets to reduce memory usage. Loaded Objects now: 1918.
Total: 4.405900 ms (FindLiveObjects: 0.385700 ms CreateObjectMapping: 0.087900 ms MarkObjects: 3.878800 ms  DeleteObjects: 0.050900 ms)

========================================================================
Received Prepare
Registering precompiled user dll's ...
Registered in 0.005003 seconds.
Begin MonoManager ReloadAssembly
Native extension for WindowsStandalone target not found
Refreshing native plugins compatible for Editor in 1.21 ms, found 0 plugins.
Preloading 0 native plugins for Editor in 0.00 ms.
Invoked RoslynAnalysisRunner static constructor.
RoslynAnalysisRunner will not be running.
RoslynAnalysisRunner has terminated.
Mono: successfully reloaded assembly
- Completed reload, in  2.259 seconds
Platform modules already initialized, skipping
Refreshing native plugins compatible for Editor in 1.26 ms, found 0 plugins.
Preloading 0 native plugins for Editor in 0.00 ms.
Unloading 1400 Unused Serialized files (Serialized files now loaded: 0)
System memory in use before: 73.3 MB.
System memory in use after: 73.4 MB.

Unloading 24 unused Assets to reduce memory usage. Loaded Objects now: 1920.
Total: 4.681400 ms (FindLiveObjects: 0.534600 ms CreateObjectMapping: 0.070000 ms MarkObjects: 4.023500 ms  DeleteObjects: 0.049700 ms)

========================================================================
Received Prepare
Registering precompiled user dll's ...
Registered in 0.005660 seconds.
Begin MonoManager ReloadAssembly
Native extension for WindowsStandalone target not found
Refreshing native plugins compatible for Editor in 1.43 ms, found 0 plugins.
Preloading 0 native plugins for Editor in 0.00 ms.
Invoked RoslynAnalysisRunner static constructor.
RoslynAnalysisRunner will not be running.
RoslynAnalysisRunner has terminated.
Mono: successfully reloaded assembly
- Completed reload, in  2.223 seconds
Platform modules already initialized, skipping
Refreshing native plugins compatible for Editor in 1.04 ms, found 0 plugins.
Preloading 0 native plugins for Editor in 0.00 ms.
Unloading 1400 Unused Serialized files (Serialized files now loaded: 0)
System memory in use before: 73.3 MB.
System memory in use after: 73.4 MB.

Unloading 24 unused Assets to reduce memory usage. Loaded Objects now: 1922.
Total: 4.532000 ms (FindLiveObjects: 0.398100 ms CreateObjectMapping: 0.087600 ms MarkObjects: 3.986600 ms  DeleteObjects: 0.057300 ms)

========================================================================
Received Prepare
Registering precompiled user dll's ...
Registered in 0.007030 seconds.
Begin MonoManager ReloadAssembly
Native extension for WindowsStandalone target not found
Refreshing native plugins compatible for Editor in 1.43 ms, found 0 plugins.
Preloading 0 native plugins for Editor in 0.00 ms.
Invoked RoslynAnalysisRunner static constructor.
RoslynAnalysisRunner will not be running.
RoslynAnalysisRunner has terminated.
Mono: successfully reloaded assembly
- Completed reload, in  2.222 seconds
Platform modules already initialized, skipping
Refreshing native plugins compatible for Editor in 1.26 ms, found 0 plugins.
Preloading 0 native plugins for Editor in 0.00 ms.
Unloading 1400 Unused Serialized files (Serialized files now loaded: 0)
System memory in use before: 73.3 MB.
System memory in use after: 73.4 MB.

Unloading 24 unused Assets to reduce memory usage. Loaded Objects now: 1924.
Total: 5.570600 ms (FindLiveObjects: 0.439400 ms CreateObjectMapping: 0.091000 ms MarkObjects: 4.982100 ms  DeleteObjects: 0.054800 ms)

========================================================================
Received Prepare
Registering precompiled user dll's ...
Registered in 0.005355 seconds.
Begin MonoManager ReloadAssembly
Native extension for WindowsStandalone target not found
Refreshing native plugins compatible for Editor in 1.09 ms, found 0 plugins.
Preloading 0 native plugins for Editor in 0.00 ms.
Invoked RoslynAnalysisRunner static constructor.
RoslynAnalysisRunner will not be running.
RoslynAnalysisRunner has terminated.
Mono: successfully reloaded assembly
- Completed reload, in  2.263 seconds
Platform modules already initialized, skipping
Refreshing native plugins compatible for Editor in 1.07 ms, found 0 plugins.
Preloading 0 native plugins for Editor in 0.00 ms.
Unloading 1400 Unused Serialized files (Serialized files now loaded: 0)
System memory in use before: 73.3 MB.
System memory in use after: 73.4 MB.

Unloading 24 unused Assets to reduce memory usage. Loaded Objects now: 1926.
Total: 3.957300 ms (FindLiveObjects: 0.588300 ms CreateObjectMapping: 0.078300 ms MarkObjects: 3.237900 ms  DeleteObjects: 0.050700 ms)

========================================================================
Received Prepare
Registering precompiled user dll's ...
Registered in 0.005915 seconds.
Begin MonoManager ReloadAssembly
Native extension for WindowsStandalone target not found
Refreshing native plugins compatible for Editor in 1.15 ms, found 0 plugins.
Preloading 0 native plugins for Editor in 0.00 ms.
Invoked RoslynAnalysisRunner static constructor.
RoslynAnalysisRunner will not be running.
RoslynAnalysisRunner has terminated.
Mono: successfully reloaded assembly
- Completed reload, in  1.866 seconds
Platform modules already initialized, skipping
Refreshing native plugins compatible for Editor in 2.39 ms, found 0 plugins.
Preloading 0 native plugins for Editor in 0.00 ms.
Unloading 1400 Unused Serialized files (Serialized files now loaded: 0)
System memory in use before: 73.3 MB.
System memory in use after: 73.4 MB.

Unloading 24 unused Assets to reduce memory usage. Loaded Objects now: 1928.
Total: 5.393600 ms (FindLiveObjects: 0.941600 ms CreateObjectMapping: 0.083900 ms MarkObjects: 4.316100 ms  DeleteObjects: 0.047000 ms)

========================================================================
Received Prepare
Registering precompiled user dll's ...
Registered in 0.005015 seconds.
Begin MonoManager ReloadAssembly
Native extension for WindowsStandalone target not found
Refreshing native plugins compatible for Editor in 1.66 ms, found 0 plugins.
Preloading 0 native plugins for Editor in 0.00 ms.
Invoked RoslynAnalysisRunner static constructor.
RoslynAnalysisRunner will not be running.
RoslynAnalysisRunner has terminated.
Mono: successfully reloaded assembly
- Completed reload, in  1.805 seconds
Platform modules already initialized, skipping
Refreshing native plugins compatible for Editor in 1.58 ms, found 0 plugins.
Preloading 0 native plugins for Editor in 0.00 ms.
Unloading 1400 Unused Serialized files (Serialized files now loaded: 0)
System memory in use before: 73.3 MB.
System memory in use after: 73.4 MB.

Unloading 24 unused Assets to reduce memory usage. Loaded Objects now: 1930.
Total: 8.071600 ms (FindLiveObjects: 1.071300 ms CreateObjectMapping: 0.270000 ms MarkObjects: 6.650200 ms  DeleteObjects: 0.073000 ms)

========================================================================
Received Prepare
Registering precompiled user dll's ...
Registered in 0.006636 seconds.
Begin MonoManager ReloadAssembly
Native extension for WindowsStandalone target not found
Refreshing native plugins compatible for Editor in 1.05 ms, found 0 plugins.
Preloading 0 native plugins for Editor in 0.00 ms.
Invoked RoslynAnalysisRunner static constructor.
RoslynAnalysisRunner will not be running.
RoslynAnalysisRunner has terminated.
Mono: successfully reloaded assembly
- Completed reload, in  2.143 seconds
Platform modules already initialized, skipping
Refreshing native plugins compatible for Editor in 1.12 ms, found 0 plugins.
Preloading 0 native plugins for Editor in 0.00 ms.
Unloading 1400 Unused Serialized files (Serialized files now loaded: 0)
System memory in use before: 73.3 MB.
System memory in use after: 73.4 MB.

Unloading 24 unused Assets to reduce memory usage. Loaded Objects now: 1932.
Total: 4.553100 ms (FindLiveObjects: 0.538200 ms CreateObjectMapping: 0.075000 ms MarkObjects: 3.888600 ms  DeleteObjects: 0.049100 ms)

========================================================================
Received Prepare
Registering precompiled user dll's ...
Registered in 0.005999 seconds.
Begin MonoManager ReloadAssembly
Native extension for WindowsStandalone target not found
Refreshing native plugins compatible for Editor in 1.10 ms, found 0 plugins.
Preloading 0 native plugins for Editor in 0.00 ms.
Invoked RoslynAnalysisRunner static constructor.
RoslynAnalysisRunner will not be running.
RoslynAnalysisRunner has terminated.
Mono: successfully reloaded assembly
- Completed reload, in  2.175 seconds
Platform modules already initialized, skipping
Refreshing native plugins compatible for Editor in 1.56 ms, found 0 plugins.
Preloading 0 native plugins for Editor in 0.00 ms.
Unloading 1400 Unused Serialized files (Serialized files now loaded: 0)
System memory in use before: 73.3 MB.
System memory in use after: 73.5 MB.

Unloading 24 unused Assets to reduce memory usage. Loaded Objects now: 1934.
Total: 6.875400 ms (FindLiveObjects: 0.672600 ms CreateObjectMapping: 0.070100 ms MarkObjects: 6.046400 ms  DeleteObjects: 0.072800 ms)

========================================================================
Received Prepare
Registering precompiled user dll's ...
Registered in 0.005229 seconds.
Begin MonoManager ReloadAssembly
Native extension for WindowsStandalone target not found
Refreshing native plugins compatible for Editor in 1.06 ms, found 0 plugins.
Preloading 0 native plugins for Editor in 0.00 ms.
Invoked RoslynAnalysisRunner static constructor.
RoslynAnalysisRunner will not be running.
RoslynAnalysisRunner has terminated.
Mono: successfully reloaded assembly
- Completed reload, in  2.266 seconds
Platform modules already initialized, skipping
Refreshing native plugins compatible for Editor in 1.06 ms, found 0 plugins.
Preloading 0 native plugins for Editor in 0.00 ms.
Unloading 1400 Unused Serialized files (Serialized files now loaded: 0)
System memory in use before: 73.3 MB.
System memory in use after: 73.5 MB.

Unloading 24 unused Assets to reduce memory usage. Loaded Objects now: 1936.
Total: 4.684400 ms (FindLiveObjects: 0.607400 ms CreateObjectMapping: 0.076500 ms MarkObjects: 3.935500 ms  DeleteObjects: 0.061200 ms)

AssetImportWorkerClient::OnTransportError - code=2 error=End of file
