Using pre-set license
Built from '2020.2/release' branch; Version is '2020.2.4f1 (becced5a802b) revision 12504301'; Using compiler version '192528614'; Build Type 'Release'
OS: 'Windows 10 Pro; OS build 19042.985; Version 2009; 64bit' Language: 'es' Physical Memory: 16218 MB
BatchMode: 1, IsHumanControllingUs: 0, StartBugReporterOnCrash: 0, Is64bit: 1, IsPro: 0

 COMMAND LINE ARGUMENTS:
C:\Program Files\Unity\Hub\Editor\2020.2.4f1\Editor\Unity.exe
-adb2
-batchMode
-noUpm
-name
AssetImportWorker0
-projectPath
C:/Users/oscar/Desktop/SpoonLight-main/Spoon
-logFile
Logs/AssetImportWorker0.log
-srvPort
59100
Successfully changed project path to: C:/Users/oscar/Desktop/SpoonLight-main/Spoon
C:/Users/oscar/Desktop/SpoonLight-main/Spoon
Using Asset Import Pipeline V2.
Refreshing native plugins compatible for Editor in 60.80 ms, found 0 plugins.
Preloading 0 native plugins for Editor in 0.00 ms.
Initialize engine version: 2020.2.4f1 (becced5a802b)
[Subsystems] Discovering subsystems at path C:/Program Files/Unity/Hub/Editor/2020.2.4f1/Editor/Data/Resources/UnitySubsystems
[Subsystems] Discovering subsystems at path C:/Users/oscar/Desktop/SpoonLight-main/Spoon/Assets
GfxDevice: creating device client; threaded=0
Direct3D:
    Version:  Direct3D 11.0 [level 11.1]
    Renderer: NVIDIA GeForce GTX 1650 with Max-Q Design (ID=0x1f91)
    Vendor:   
    VRAM:     3964 MB
    Driver:   27.21.14.6647
Initialize mono
Mono path[0] = 'C:/Program Files/Unity/Hub/Editor/2020.2.4f1/Editor/Data/Managed'
Mono path[1] = 'C:/Program Files/Unity/Hub/Editor/2020.2.4f1/Editor/Data/MonoBleedingEdge/lib/mono/unityjit'
Mono config path = 'C:/Program Files/Unity/Hub/Editor/2020.2.4f1/Editor/Data/MonoBleedingEdge/etc'
Using monoOptions --debugger-agent=transport=dt_socket,embedding=1,server=y,suspend=n,address=127.0.0.1:56504
Begin MonoManager ReloadAssembly
Registering precompiled unity dll's ...
Register platform support module: C:/Program Files/Unity/Hub/Editor/2020.2.4f1/Editor/Data/PlaybackEngines/WindowsStandaloneSupport/UnityEditor.WindowsStandalone.Extensions.dll
Registered in 0.003385 seconds.
Native extension for WindowsStandalone target not found
Refreshing native plugins compatible for Editor in 57.99 ms, found 0 plugins.
Preloading 0 native plugins for Editor in 0.00 ms.
Invoked RoslynAnalysisRunner static constructor.
RoslynAnalysisRunner will not be running.
RoslynAnalysisRunner has terminated.
Mono: successfully reloaded assembly
- Completed reload, in  1.523 seconds
Platform modules already initialized, skipping
Registering precompiled user dll's ...
Registered in 0.002903 seconds.
Begin MonoManager ReloadAssembly
Native extension for WindowsStandalone target not found
Refreshing native plugins compatible for Editor in 0.55 ms, found 0 plugins.
Preloading 0 native plugins for Editor in 0.00 ms.
Invoked RoslynAnalysisRunner static constructor.
RoslynAnalysisRunner will not be running.
RoslynAnalysisRunner has terminated.
Mono: successfully reloaded assembly
- Completed reload, in  1.091 seconds
Platform modules already initialized, skipping
========================================================================
Worker process is ready to serve import requests
Launched and connected shader compiler UnityShaderCompiler.exe after 0.06 seconds
Refreshing native plugins compatible for Editor in 0.55 ms, found 0 plugins.
Preloading 0 native plugins for Editor in 0.00 ms.
Unloading 1484 Unused Serialized files (Serialized files now loaded: 0)
System memory in use before: 70.4 MB.
System memory in use after: 70.5 MB.

Unloading 33 unused Assets to reduce memory usage. Loaded Objects now: 1917.
Total: 2.155900 ms (FindLiveObjects: 0.201800 ms CreateObjectMapping: 0.062700 ms MarkObjects: 1.806000 ms  DeleteObjects: 0.084400 ms)

========================================================================
Received Import Request.
  path: Assets/Sounds/score.mp3
  artifactKey: Guid(f6e2f7388590f4847aecc48a500e21d0) Importer(815301076,1909f56bfc062723c751e8b465ee728b)
Start importing Assets/Sounds/score.mp3 using Guid(f6e2f7388590f4847aecc48a500e21d0) Importer(815301076,1909f56bfc062723c751e8b465ee728b)  -> (artifact id: 'ee98dbfa6a91f53b399e65b2e1286591') in 0.101011 seconds
  Import took 0.104098 seconds .

========================================================================
Received Prepare
Registering precompiled user dll's ...
Registered in 0.002939 seconds.
Begin MonoManager ReloadAssembly
Native extension for WindowsStandalone target not found
Refreshing native plugins compatible for Editor in 0.74 ms, found 0 plugins.
Preloading 0 native plugins for Editor in 0.00 ms.
Invoked RoslynAnalysisRunner static constructor.
RoslynAnalysisRunner will not be running.
RoslynAnalysisRunner has terminated.
Mono: successfully reloaded assembly
- Completed reload, in  1.401 seconds
Platform modules already initialized, skipping
Refreshing native plugins compatible for Editor in 0.66 ms, found 0 plugins.
Preloading 0 native plugins for Editor in 0.00 ms.
Unloading 1477 Unused Serialized files (Serialized files now loaded: 0)
System memory in use before: 74.0 MB.
System memory in use after: 74.1 MB.

Unloading 24 unused Assets to reduce memory usage. Loaded Objects now: 1928.
Total: 2.322700 ms (FindLiveObjects: 0.253200 ms CreateObjectMapping: 0.079800 ms MarkObjects: 1.960000 ms  DeleteObjects: 0.028300 ms)

========================================================================
Received Import Request.
  Time since last request: 112.772044 seconds.
  path: Assets/Sounds/denegate.mp3
  artifactKey: Guid(86b0efc86a47ab64391a1c24bbeac4cc) Importer(815301076,1909f56bfc062723c751e8b465ee728b)
Start importing Assets/Sounds/denegate.mp3 using Guid(86b0efc86a47ab64391a1c24bbeac4cc) Importer(815301076,1909f56bfc062723c751e8b465ee728b)  -> (artifact id: '5daac6b143abce975bfaa22952ed4130') in 0.049863 seconds
  Import took 0.053626 seconds .

========================================================================
Received Prepare
Registering precompiled user dll's ...
Registered in 0.002879 seconds.
Begin MonoManager ReloadAssembly
Native extension for WindowsStandalone target not found
Refreshing native plugins compatible for Editor in 0.66 ms, found 0 plugins.
Preloading 0 native plugins for Editor in 0.00 ms.
Invoked RoslynAnalysisRunner static constructor.
RoslynAnalysisRunner will not be running.
RoslynAnalysisRunner has terminated.
Mono: successfully reloaded assembly
- Completed reload, in  1.279 seconds
Platform modules already initialized, skipping
Refreshing native plugins compatible for Editor in 0.63 ms, found 0 plugins.
Preloading 0 native plugins for Editor in 0.00 ms.
Unloading 1477 Unused Serialized files (Serialized files now loaded: 0)
System memory in use before: 74.0 MB.
System memory in use after: 74.1 MB.

Unloading 24 unused Assets to reduce memory usage. Loaded Objects now: 1931.
Total: 2.305900 ms (FindLiveObjects: 0.227500 ms CreateObjectMapping: 0.081200 ms MarkObjects: 1.964700 ms  DeleteObjects: 0.031100 ms)

========================================================================
Received Prepare
Registering precompiled user dll's ...
Registered in 0.002258 seconds.
Begin MonoManager ReloadAssembly
Native extension for WindowsStandalone target not found
Refreshing native plugins compatible for Editor in 0.76 ms, found 0 plugins.
Preloading 0 native plugins for Editor in 0.00 ms.
Invoked RoslynAnalysisRunner static constructor.
RoslynAnalysisRunner will not be running.
RoslynAnalysisRunner has terminated.
Mono: successfully reloaded assembly
- Completed reload, in  1.066 seconds
Platform modules already initialized, skipping
Refreshing native plugins compatible for Editor in 0.61 ms, found 0 plugins.
Preloading 0 native plugins for Editor in 0.00 ms.
Unloading 1477 Unused Serialized files (Serialized files now loaded: 0)
System memory in use before: 74.1 MB.
System memory in use after: 74.2 MB.

Unloading 24 unused Assets to reduce memory usage. Loaded Objects now: 1933.
Total: 2.230600 ms (FindLiveObjects: 0.217900 ms CreateObjectMapping: 0.069900 ms MarkObjects: 1.916700 ms  DeleteObjects: 0.024500 ms)

AssetImportWorkerClient::OnTransportError - code=2 error=End of file
