Using pre-set license
Built from '2020.2/release' branch; Version is '2020.2.4f1 (becced5a802b) revision 12504301'; Using compiler version '192528614'; Build Type 'Release'
OS: 'Windows 10 Pro; OS build 19042.985; Version 2009; 64bit' Language: 'es' Physical Memory: 16218 MB
BatchMode: 1, IsHumanControllingUs: 0, StartBugReporterOnCrash: 0, Is64bit: 1, IsPro: 0

 COMMAND LINE ARGUMENTS:
C:\Program Files\Unity\Hub\Editor\2020.2.4f1\Editor\Unity.exe
-adb2
-batchMode
-noUpm
-name
AssetImportWorker0
-projectPath
C:/Users/oscar/Desktop/SpoonLight-main/Spoon
-logFile
Logs/AssetImportWorker0.log
-srvPort
62613
Successfully changed project path to: C:/Users/oscar/Desktop/SpoonLight-main/Spoon
C:/Users/oscar/Desktop/SpoonLight-main/Spoon
Using Asset Import Pipeline V2.
Refreshing native plugins compatible for Editor in 72.25 ms, found 0 plugins.
Preloading 0 native plugins for Editor in 0.00 ms.
Initialize engine version: 2020.2.4f1 (becced5a802b)
[Subsystems] Discovering subsystems at path C:/Program Files/Unity/Hub/Editor/2020.2.4f1/Editor/Data/Resources/UnitySubsystems
[Subsystems] Discovering subsystems at path C:/Users/oscar/Desktop/SpoonLight-main/Spoon/Assets
GfxDevice: creating device client; threaded=0
Direct3D:
    Version:  Direct3D 11.0 [level 11.1]
    Renderer: NVIDIA GeForce GTX 1650 with Max-Q Design (ID=0x1f91)
    Vendor:   
    VRAM:     3964 MB
    Driver:   27.21.14.6647
Initialize mono
Mono path[0] = 'C:/Program Files/Unity/Hub/Editor/2020.2.4f1/Editor/Data/Managed'
Mono path[1] = 'C:/Program Files/Unity/Hub/Editor/2020.2.4f1/Editor/Data/MonoBleedingEdge/lib/mono/unityjit'
Mono config path = 'C:/Program Files/Unity/Hub/Editor/2020.2.4f1/Editor/Data/MonoBleedingEdge/etc'
Using monoOptions --debugger-agent=transport=dt_socket,embedding=1,server=y,suspend=n,address=127.0.0.1:56176
Begin MonoManager ReloadAssembly
Registering precompiled unity dll's ...
Register platform support module: C:/Program Files/Unity/Hub/Editor/2020.2.4f1/Editor/Data/PlaybackEngines/WindowsStandaloneSupport/UnityEditor.WindowsStandalone.Extensions.dll
Registered in 0.002904 seconds.
Native extension for WindowsStandalone target not found
Refreshing native plugins compatible for Editor in 54.60 ms, found 0 plugins.
Preloading 0 native plugins for Editor in 0.00 ms.
Invoked RoslynAnalysisRunner static constructor.
RoslynAnalysisRunner will not be running.
RoslynAnalysisRunner has terminated.
Mono: successfully reloaded assembly
- Completed reload, in  1.515 seconds
Platform modules already initialized, skipping
Registering precompiled user dll's ...
Registered in 0.002605 seconds.
Begin MonoManager ReloadAssembly
Native extension for WindowsStandalone target not found
Refreshing native plugins compatible for Editor in 0.67 ms, found 0 plugins.
Preloading 0 native plugins for Editor in 0.00 ms.
Invoked RoslynAnalysisRunner static constructor.
RoslynAnalysisRunner will not be running.
RoslynAnalysisRunner has terminated.
Mono: successfully reloaded assembly
- Completed reload, in  1.097 seconds
Platform modules already initialized, skipping
========================================================================
Worker process is ready to serve import requests
Launched and connected shader compiler UnityShaderCompiler.exe after 0.05 seconds
Refreshing native plugins compatible for Editor in 0.54 ms, found 0 plugins.
Preloading 0 native plugins for Editor in 0.00 ms.
Unloading 1446 Unused Serialized files (Serialized files now loaded: 0)
System memory in use before: 68.8 MB.
System memory in use after: 68.8 MB.

Unloading 33 unused Assets to reduce memory usage. Loaded Objects now: 1879.
Total: 2.590700 ms (FindLiveObjects: 0.412500 ms CreateObjectMapping: 0.176200 ms MarkObjects: 1.902000 ms  DeleteObjects: 0.098600 ms)

========================================================================
Received Import Request.
  path: Assets/Scenes/Sample Scene.unity
  artifactKey: Guid(28b01497748dc1a4599c1e6bca09c4a1) Importer(815301076,1909f56bfc062723c751e8b465ee728b)
Start importing Assets/Scenes/Sample Scene.unity using Guid(28b01497748dc1a4599c1e6bca09c4a1) Importer(815301076,1909f56bfc062723c751e8b465ee728b)  -> (artifact id: 'f079c0fbe6de60e453417fc08dd04275') in 0.015822 seconds
  Import took 0.019507 seconds .

========================================================================
Received Import Request.
  Time since last request: 87.430867 seconds.
  path: Packages/com.unity.analytics/package.json
  artifactKey: Guid(510d1d319d2754ea4a47c6dd8c421ea0) Importer(815301076,1909f56bfc062723c751e8b465ee728b)
Start importing Packages/com.unity.analytics/package.json using Guid(510d1d319d2754ea4a47c6dd8c421ea0) Importer(815301076,1909f56bfc062723c751e8b465ee728b)  -> (artifact id: '321d5b1b09d9db51158465eefa366b69') in 0.029501 seconds
  Import took 0.032917 seconds .

========================================================================
Received Import Request.
  Time since last request: 7.249377 seconds.
  path: Assets/Heureka/AssetHunterPRO/Editor/EditorData
  artifactKey: Guid(7220ae8106f289c4597ec7cfffc7a705) Importer(815301076,1909f56bfc062723c751e8b465ee728b)
Start importing Assets/Heureka/AssetHunterPRO/Editor/EditorData using Guid(7220ae8106f289c4597ec7cfffc7a705) Importer(815301076,1909f56bfc062723c751e8b465ee728b)  -> (artifact id: '0070699e98bf7f9523bc7509898159c7') in 0.003965 seconds
  Import took 0.008563 seconds .

========================================================================
Received Import Request.
  Time since last request: 0.005496 seconds.
  path: Assets/Heureka/AssetHunterPRO/Editor/EditorData
  artifactKey: Guid(7220ae8106f289c4597ec7cfffc7a705) Importer(815301076,1909f56bfc062723c751e8b465ee728b)
Start importing Assets/Heureka/AssetHunterPRO/Editor/EditorData using Guid(7220ae8106f289c4597ec7cfffc7a705) Importer(815301076,1909f56bfc062723c751e8b465ee728b)  -> (artifact id: '0070699e98bf7f9523bc7509898159c7') in 0.003243 seconds
  Import took 0.009150 seconds .

========================================================================
Received Import Request.
  Time since last request: 0.076093 seconds.
  path: Assets/Heureka/AssetHunterPRO/Editor/EditorData/AH_EditorData.asset
  artifactKey: Guid(a749fc7acdf105544864dc3d96bd8582) Importer(815301076,1909f56bfc062723c751e8b465ee728b)
Start importing Assets/Heureka/AssetHunterPRO/Editor/EditorData/AH_EditorData.asset using Guid(a749fc7acdf105544864dc3d96bd8582) Importer(815301076,1909f56bfc062723c751e8b465ee728b)  -> (artifact id: 'ba768c84b6eba1946a7c47784325608d') in 0.022010 seconds
  Import took 0.026700 seconds .

========================================================================
Received Prepare
Registering precompiled user dll's ...
Registered in 0.002012 seconds.
Begin MonoManager ReloadAssembly
Native extension for WindowsStandalone target not found
Refreshing native plugins compatible for Editor in 0.44 ms, found 0 plugins.
Preloading 0 native plugins for Editor in 0.00 ms.
Invoked RoslynAnalysisRunner static constructor.
RoslynAnalysisRunner will not be running.
RoslynAnalysisRunner has terminated.
Mono: successfully reloaded assembly
- Completed reload, in  1.019 seconds
Platform modules already initialized, skipping
Refreshing native plugins compatible for Editor in 0.53 ms, found 0 plugins.
Preloading 0 native plugins for Editor in 0.00 ms.
Unloading 1440 Unused Serialized files (Serialized files now loaded: 0)
System memory in use before: 69.4 MB.
System memory in use after: 69.5 MB.

Unloading 24 unused Assets to reduce memory usage. Loaded Objects now: 1881.
Total: 2.137300 ms (FindLiveObjects: 0.200400 ms CreateObjectMapping: 0.053300 ms MarkObjects: 1.839900 ms  DeleteObjects: 0.042500 ms)

========================================================================
Received Prepare
Registering precompiled user dll's ...
Registered in 0.002386 seconds.
Begin MonoManager ReloadAssembly
Native extension for WindowsStandalone target not found
Refreshing native plugins compatible for Editor in 1.02 ms, found 0 plugins.
Preloading 0 native plugins for Editor in 0.00 ms.
Invoked RoslynAnalysisRunner static constructor.
RoslynAnalysisRunner will not be running.
RoslynAnalysisRunner has terminated.
Mono: successfully reloaded assembly
- Completed reload, in  1.129 seconds
Platform modules already initialized, skipping
Refreshing native plugins compatible for Editor in 0.53 ms, found 0 plugins.
Preloading 0 native plugins for Editor in 0.00 ms.
Unloading 1440 Unused Serialized files (Serialized files now loaded: 0)
System memory in use before: 69.4 MB.
System memory in use after: 69.5 MB.

Unloading 24 unused Assets to reduce memory usage. Loaded Objects now: 1883.
Total: 2.055800 ms (FindLiveObjects: 0.220400 ms CreateObjectMapping: 0.068700 ms MarkObjects: 1.739000 ms  DeleteObjects: 0.025900 ms)

========================================================================
Received Prepare
Registering precompiled user dll's ...
Registered in 0.002764 seconds.
Begin MonoManager ReloadAssembly
Native extension for WindowsStandalone target not found
Refreshing native plugins compatible for Editor in 1.00 ms, found 0 plugins.
Preloading 0 native plugins for Editor in 0.00 ms.
Invoked RoslynAnalysisRunner static constructor.
RoslynAnalysisRunner will not be running.
RoslynAnalysisRunner has terminated.
Mono: successfully reloaded assembly
- Completed reload, in  1.046 seconds
Platform modules already initialized, skipping
Refreshing native plugins compatible for Editor in 0.53 ms, found 0 plugins.
Preloading 0 native plugins for Editor in 0.00 ms.
Unloading 1440 Unused Serialized files (Serialized files now loaded: 0)
System memory in use before: 69.4 MB.
System memory in use after: 69.5 MB.

Unloading 24 unused Assets to reduce memory usage. Loaded Objects now: 1885.
Total: 2.054900 ms (FindLiveObjects: 0.169700 ms CreateObjectMapping: 0.050000 ms MarkObjects: 1.809500 ms  DeleteObjects: 0.024300 ms)

========================================================================
Received Import Request.
  Time since last request: 732.080233 seconds.
  path: Assets/Sounds/ERROR.flac
  artifactKey: Guid(7e100a6e84bf9684d8f3567e326d3c94) Importer(815301076,1909f56bfc062723c751e8b465ee728b)
Start importing Assets/Sounds/ERROR.flac using Guid(7e100a6e84bf9684d8f3567e326d3c94) Importer(815301076,1909f56bfc062723c751e8b465ee728b)  -> (artifact id: 'a660bfbe0f4fcd8d3016a5abd9e3fe24') in 0.115783 seconds
  Import took 0.120170 seconds .

========================================================================
Received Prepare
Registering precompiled user dll's ...
Registered in 0.002410 seconds.
Begin MonoManager ReloadAssembly
Native extension for WindowsStandalone target not found
Refreshing native plugins compatible for Editor in 0.69 ms, found 0 plugins.
Preloading 0 native plugins for Editor in 0.00 ms.
Invoked RoslynAnalysisRunner static constructor.
RoslynAnalysisRunner will not be running.
RoslynAnalysisRunner has terminated.
Mono: successfully reloaded assembly
- Completed reload, in  1.579 seconds
Platform modules already initialized, skipping
Refreshing native plugins compatible for Editor in 0.68 ms, found 0 plugins.
Preloading 0 native plugins for Editor in 0.00 ms.
Unloading 1440 Unused Serialized files (Serialized files now loaded: 0)
System memory in use before: 72.6 MB.
System memory in use after: 72.7 MB.

Unloading 24 unused Assets to reduce memory usage. Loaded Objects now: 1896.
Total: 2.737600 ms (FindLiveObjects: 0.218700 ms CreateObjectMapping: 0.067600 ms MarkObjects: 2.417500 ms  DeleteObjects: 0.031500 ms)

========================================================================
Received Prepare
Registering precompiled user dll's ...
Registered in 0.004974 seconds.
Begin MonoManager ReloadAssembly
Native extension for WindowsStandalone target not found
Refreshing native plugins compatible for Editor in 0.75 ms, found 0 plugins.
Preloading 0 native plugins for Editor in 0.00 ms.
Invoked RoslynAnalysisRunner static constructor.
RoslynAnalysisRunner will not be running.
RoslynAnalysisRunner has terminated.
Mono: successfully reloaded assembly
- Completed reload, in  1.261 seconds
Platform modules already initialized, skipping
Refreshing native plugins compatible for Editor in 0.58 ms, found 0 plugins.
Preloading 0 native plugins for Editor in 0.00 ms.
Unloading 1440 Unused Serialized files (Serialized files now loaded: 0)
System memory in use before: 72.6 MB.
System memory in use after: 72.7 MB.

Unloading 24 unused Assets to reduce memory usage. Loaded Objects now: 1898.
Total: 3.683800 ms (FindLiveObjects: 0.660400 ms CreateObjectMapping: 0.109500 ms MarkObjects: 2.879500 ms  DeleteObjects: 0.030200 ms)

========================================================================
Received Import Request.
  Time since last request: 1157.353488 seconds.
  path: Assets/Prefabs/Cutted.prefab
  artifactKey: Guid(7f7f3c43fe89b73418893b36a9dc7f72) Importer(815301076,1909f56bfc062723c751e8b465ee728b)
Start importing Assets/Prefabs/Cutted.prefab using Guid(7f7f3c43fe89b73418893b36a9dc7f72) Importer(815301076,1909f56bfc062723c751e8b465ee728b)  -> (artifact id: '707deff319257553c9186255e14e41af') in 0.119857 seconds
  Import took 0.124825 seconds .

========================================================================
Received Prepare
Registering precompiled user dll's ...
Registered in 0.003700 seconds.
Begin MonoManager ReloadAssembly
Native extension for WindowsStandalone target not found
Refreshing native plugins compatible for Editor in 0.63 ms, found 0 plugins.
Preloading 0 native plugins for Editor in 0.00 ms.
Invoked RoslynAnalysisRunner static constructor.
RoslynAnalysisRunner will not be running.
RoslynAnalysisRunner has terminated.
Mono: successfully reloaded assembly
- Completed reload, in  1.143 seconds
Platform modules already initialized, skipping
Refreshing native plugins compatible for Editor in 0.88 ms, found 0 plugins.
Preloading 0 native plugins for Editor in 0.00 ms.
Unloading 1440 Unused Serialized files (Serialized files now loaded: 0)
System memory in use before: 72.7 MB.
System memory in use after: 72.8 MB.

Unloading 24 unused Assets to reduce memory usage. Loaded Objects now: 1901.
Total: 2.254900 ms (FindLiveObjects: 0.306300 ms CreateObjectMapping: 0.114700 ms MarkObjects: 1.812100 ms  DeleteObjects: 0.020700 ms)

AssetImportWorkerClient::OnTransportError - code=2 error=End of file
